<?xml version="1.0" encoding="UTF-8"?>
<coverage generated="1525780103343" clover="3.2.0">
  <project timestamp="1525780103344" name="All files">
    <metrics statements="103" coveredstatements="92" conditionals="46" coveredconditionals="37" methods="45" coveredmethods="38" elements="194" coveredelements="167" complexity="0" loc="103" ncloc="103" packages="16" files="17" classes="17">
      <package name="r-films">
        <metrics statements="6" coveredstatements="6" conditionals="0" coveredconditionals="0" methods="1" coveredmethods="0"/>
        <file name="empty-module.js" path="/Users/andriy_ivashchenko/domains/r-films/empty-module.js">
          <metrics statements="1" coveredstatements="1" conditionals="0" coveredconditionals="0" methods="0" coveredmethods="0"/>
          <line num="1" count="3" type="stmt"/>
        </file>
        <file name="jestsetup.js" path="/Users/andriy_ivashchenko/domains/r-films/jestsetup.js">
          <metrics statements="5" coveredstatements="5" conditionals="0" coveredconditionals="0" methods="1" coveredmethods="0"/>
          <line num="4" count="15" type="stmt"/>
          <line num="6" count="15" type="stmt"/>
          <line num="7" count="15" type="stmt"/>
          <line num="8" count="15" type="stmt"/>
          <line num="10" count="15" type="stmt"/>
        </file>
      </package>
      <package name="r-films.src.js.components">
        <metrics statements="13" coveredstatements="12" conditionals="2" coveredconditionals="1" methods="9" coveredmethods="8"/>
        <file name="App.js" path="/Users/andriy_ivashchenko/domains/r-films/src/js/components/App.js">
          <metrics statements="13" coveredstatements="12" conditionals="2" coveredconditionals="1" methods="9" coveredmethods="8"/>
          <line num="34" count="5" type="stmt"/>
          <line num="38" count="1" type="stmt"/>
          <line num="39" count="1" type="cond" truecount="1" falsecount="1"/>
          <line num="41" count="1" type="stmt"/>
          <line num="46" count="1" type="stmt"/>
          <line num="53" count="6" type="stmt"/>
          <line num="54" count="1" type="stmt"/>
          <line num="56" count="0" type="stmt"/>
          <line num="61" count="1" type="stmt"/>
          <line num="62" count="1" type="stmt"/>
          <line num="69" count="1" type="stmt"/>
          <line num="80" count="10" type="stmt"/>
          <line num="82" count="10" type="stmt"/>
        </file>
      </package>
      <package name="r-films.src.js.components.ContentInfo">
        <metrics statements="3" coveredstatements="3" conditionals="4" coveredconditionals="4" methods="2" coveredmethods="2"/>
        <file name="index.js" path="/Users/andriy_ivashchenko/domains/r-films/src/js/components/ContentInfo/index.js">
          <metrics statements="3" coveredstatements="3" conditionals="4" coveredconditionals="4" methods="2" coveredmethods="2"/>
          <line num="11" count="3" type="stmt"/>
          <line num="12" count="5" type="stmt"/>
          <line num="16" count="7" type="stmt"/>
        </file>
      </package>
      <package name="r-films.src.js.components.ErrorBoundary">
        <metrics statements="6" coveredstatements="4" conditionals="2" coveredconditionals="1" methods="3" coveredmethods="2"/>
        <file name="index.js" path="/Users/andriy_ivashchenko/domains/r-films/src/js/components/ErrorBoundary/index.js">
          <metrics statements="6" coveredstatements="4" conditionals="2" coveredconditionals="1" methods="3" coveredmethods="2"/>
          <line num="14" count="1" type="stmt"/>
          <line num="15" count="1" type="stmt"/>
          <line num="19" count="0" type="stmt"/>
          <line num="23" count="1" type="cond" truecount="1" falsecount="1"/>
          <line num="24" count="0" type="stmt"/>
          <line num="26" count="1" type="stmt"/>
        </file>
      </package>
      <package name="r-films.src.js.components.ExtraInfo">
        <metrics statements="4" coveredstatements="4" conditionals="2" coveredconditionals="2" methods="2" coveredmethods="2"/>
        <file name="index.js" path="/Users/andriy_ivashchenko/domains/r-films/src/js/components/ExtraInfo/index.js">
          <metrics statements="4" coveredstatements="4" conditionals="2" coveredconditionals="2" methods="2" coveredmethods="2"/>
          <line num="12" count="5" type="stmt"/>
          <line num="13" count="5" type="cond" truecount="2" falsecount="0"/>
          <line num="18" count="3" type="stmt"/>
          <line num="19" count="5" type="stmt"/>
        </file>
      </package>
      <package name="r-films.src.js.components.FilmItem">
        <metrics statements="4" coveredstatements="4" conditionals="0" coveredconditionals="0" methods="2" coveredmethods="2"/>
        <file name="index.js" path="/Users/andriy_ivashchenko/domains/r-films/src/js/components/FilmItem/index.js">
          <metrics statements="4" coveredstatements="4" conditionals="0" coveredconditionals="0" methods="2" coveredmethods="2"/>
          <line num="11" count="4" type="stmt"/>
          <line num="12" count="7" type="stmt"/>
          <line num="14" count="7" type="stmt"/>
          <line num="15" count="1" type="stmt"/>
        </file>
      </package>
      <package name="r-films.src.js.components.FilterContent">
        <metrics statements="2" coveredstatements="2" conditionals="4" coveredconditionals="4" methods="1" coveredmethods="1"/>
        <file name="index.js" path="/Users/andriy_ivashchenko/domains/r-films/src/js/components/FilterContent/index.js">
          <metrics statements="2" coveredstatements="2" conditionals="4" coveredconditionals="4" methods="1" coveredmethods="1"/>
          <line num="9" count="3" type="stmt"/>
          <line num="10" count="5" type="stmt"/>
        </file>
      </package>
      <package name="r-films.src.js.components.FilterSearch">
        <metrics statements="2" coveredstatements="2" conditionals="4" coveredconditionals="4" methods="1" coveredmethods="1"/>
        <file name="index.js" path="/Users/andriy_ivashchenko/domains/r-films/src/js/components/FilterSearch/index.js">
          <metrics statements="2" coveredstatements="2" conditionals="4" coveredconditionals="4" methods="1" coveredmethods="1"/>
          <line num="9" count="4" type="stmt"/>
          <line num="10" count="8" type="stmt"/>
        </file>
      </package>
      <package name="r-films.src.js.components.Footer">
        <metrics statements="2" coveredstatements="2" conditionals="0" coveredconditionals="0" methods="1" coveredmethods="1"/>
        <file name="index.js" path="/Users/andriy_ivashchenko/domains/r-films/src/js/components/Footer/index.js">
          <metrics statements="2" coveredstatements="2" conditionals="0" coveredconditionals="0" methods="1" coveredmethods="1"/>
          <line num="5" count="2" type="stmt"/>
          <line num="6" count="1" type="stmt"/>
        </file>
      </package>
      <package name="r-films.src.js.components.Header">
        <metrics statements="10" coveredstatements="10" conditionals="4" coveredconditionals="4" methods="3" coveredmethods="3"/>
        <file name="index.js" path="/Users/andriy_ivashchenko/domains/r-films/src/js/components/Header/index.js">
          <metrics statements="10" coveredstatements="10" conditionals="4" coveredconditionals="4" methods="3" coveredmethods="3"/>
          <line num="17" count="2" type="stmt"/>
          <line num="18" count="3" type="stmt"/>
          <line num="19" count="3" type="cond" truecount="2" falsecount="0"/>
          <line num="20" count="1" type="stmt"/>
          <line num="27" count="2" type="stmt"/>
          <line num="30" count="2" type="stmt"/>
          <line num="31" count="3" type="stmt"/>
          <line num="32" count="3" type="cond" truecount="2" falsecount="0"/>
          <line num="37" count="2" type="stmt"/>
          <line num="38" count="3" type="stmt"/>
        </file>
      </package>
      <package name="r-films.src.js.components.Logo">
        <metrics statements="2" coveredstatements="2" conditionals="0" coveredconditionals="0" methods="1" coveredmethods="1"/>
        <file name="index.js" path="/Users/andriy_ivashchenko/domains/r-films/src/js/components/Logo/index.js">
          <metrics statements="2" coveredstatements="2" conditionals="0" coveredconditionals="0" methods="1" coveredmethods="1"/>
          <line num="4" count="4" type="stmt"/>
          <line num="5" count="2" type="stmt"/>
        </file>
      </package>
      <package name="r-films.src.js.components.Main">
        <metrics statements="16" coveredstatements="16" conditionals="14" coveredconditionals="11" methods="6" coveredmethods="6"/>
        <file name="index.js" path="/Users/andriy_ivashchenko/domains/r-films/src/js/components/Main/index.js">
          <metrics statements="16" coveredstatements="16" conditionals="14" coveredconditionals="11" methods="6" coveredmethods="6"/>
          <line num="28" count="1" type="stmt"/>
          <line num="29" count="1" type="stmt"/>
          <line num="30" count="1" type="stmt"/>
          <line num="36" count="2" type="stmt"/>
          <line num="37" count="2" type="cond" truecount="1" falsecount="1"/>
          <line num="40" count="2" type="stmt"/>
          <line num="44" count="6" type="stmt"/>
          <line num="45" count="6" type="stmt"/>
          <line num="47" count="6" type="cond" truecount="1" falsecount="1"/>
          <line num="56" count="7" type="stmt"/>
          <line num="58" count="7" type="cond" truecount="4" falsecount="0"/>
          <line num="59" count="6" type="stmt"/>
          <line num="71" count="1" type="stmt"/>
          <line num="75" count="7" type="stmt"/>
          <line num="76" count="7" type="stmt"/>
          <line num="78" count="7" type="stmt"/>
        </file>
      </package>
      <package name="r-films.src.js.components.Poster">
        <metrics statements="2" coveredstatements="2" conditionals="2" coveredconditionals="2" methods="1" coveredmethods="1"/>
        <file name="index.js" path="/Users/andriy_ivashchenko/domains/r-films/src/js/components/Poster/index.js">
          <metrics statements="2" coveredstatements="2" conditionals="2" coveredconditionals="2" methods="1" coveredmethods="1"/>
          <line num="9" count="3" type="stmt"/>
          <line num="10" count="3" type="stmt"/>
        </file>
      </package>
      <package name="r-films.src.js.components.Search">
        <metrics statements="12" coveredstatements="12" conditionals="4" coveredconditionals="3" methods="5" coveredmethods="5"/>
        <file name="index.js" path="/Users/andriy_ivashchenko/domains/r-films/src/js/components/Search/index.js">
          <metrics statements="12" coveredstatements="12" conditionals="4" coveredconditionals="3" methods="5" coveredmethods="5"/>
          <line num="24" count="1" type="stmt"/>
          <line num="25" count="1" type="stmt"/>
          <line num="31" count="2" type="cond" truecount="2" falsecount="0"/>
          <line num="32" count="1" type="stmt"/>
          <line num="37" count="2" type="stmt"/>
          <line num="38" count="2" type="cond" truecount="1" falsecount="1"/>
          <line num="39" count="2" type="stmt"/>
          <line num="40" count="2" type="stmt"/>
          <line num="47" count="1" type="stmt"/>
          <line num="48" count="1" type="stmt"/>
          <line num="54" count="13" type="stmt"/>
          <line num="55" count="13" type="stmt"/>
        </file>
      </package>
      <package name="r-films.src.js.components.SearchButton">
        <metrics statements="2" coveredstatements="2" conditionals="0" coveredconditionals="0" methods="1" coveredmethods="1"/>
        <file name="index.js" path="/Users/andriy_ivashchenko/domains/r-films/src/js/components/SearchButton/index.js">
          <metrics statements="2" coveredstatements="2" conditionals="0" coveredconditionals="0" methods="1" coveredmethods="1"/>
          <line num="8" count="4" type="stmt"/>
          <line num="9" count="7" type="stmt"/>
        </file>
      </package>
      <package name="r-films.src.js.helpers">
        <metrics statements="17" coveredstatements="9" conditionals="4" coveredconditionals="1" methods="6" coveredmethods="2"/>
        <file name="index.js" path="/Users/andriy_ivashchenko/domains/r-films/src/js/helpers/index.js">
          <metrics statements="17" coveredstatements="9" conditionals="4" coveredconditionals="1" methods="6" coveredmethods="2"/>
          <line num="1" count="4" type="stmt"/>
          <line num="2" count="0" type="stmt"/>
          <line num="3" count="0" type="stmt"/>
          <line num="18" count="5" type="stmt"/>
          <line num="19" count="5" type="stmt"/>
          <line num="20" count="5" type="stmt"/>
          <line num="21" count="5" type="cond" truecount="1" falsecount="1"/>
          <line num="22" count="0" type="stmt"/>
          <line num="23" count="0" type="stmt"/>
          <line num="25" count="5" type="stmt"/>
          <line num="26" count="5" type="stmt"/>
          <line num="27" count="0" type="cond" truecount="0" falsecount="2"/>
          <line num="28" count="0" type="stmt"/>
          <line num="30" count="0" type="stmt"/>
          <line num="33" count="5" type="stmt"/>
          <line num="34" count="0" type="stmt"/>
          <line num="36" count="5" type="stmt"/>
        </file>
      </package>
    </metrics>
  </project>
</coverage>
