<?xml version="1.0" encoding="UTF-8"?>
<coverage generated="1525621369572" clover="3.2.0">
  <project timestamp="1525621369573" name="All files">
    <metrics statements="108" coveredstatements="97" conditionals="40" coveredconditionals="33" methods="47" coveredmethods="40" elements="195" coveredelements="170" complexity="0" loc="108" ncloc="108" packages="16" files="17" classes="17">
      <package name="r-ment">
        <metrics statements="6" coveredstatements="6" conditionals="0" coveredconditionals="0" methods="1" coveredmethods="0"/>
        <file name="empty-module.js" path="/Users/andrivash/domains/r-ment/empty-module.js">
          <metrics statements="1" coveredstatements="1" conditionals="0" coveredconditionals="0" methods="0" coveredmethods="0"/>
          <line num="1" count="3" type="stmt"/>
        </file>
        <file name="jestsetup.js" path="/Users/andrivash/domains/r-ment/jestsetup.js">
          <metrics statements="5" coveredstatements="5" conditionals="0" coveredconditionals="0" methods="1" coveredmethods="0"/>
          <line num="4" count="15" type="stmt"/>
          <line num="6" count="15" type="stmt"/>
          <line num="7" count="15" type="stmt"/>
          <line num="8" count="15" type="stmt"/>
          <line num="10" count="15" type="stmt"/>
        </file>
      </package>
      <package name="r-ment.src.js.components">
        <metrics statements="17" coveredstatements="16" conditionals="0" coveredconditionals="0" methods="10" coveredmethods="9"/>
        <file name="App.js" path="/Users/andrivash/domains/r-ment/src/js/components/App.js">
          <metrics statements="17" coveredstatements="16" conditionals="0" coveredconditionals="0" methods="10" coveredmethods="9"/>
          <line num="26" count="5" type="stmt"/>
          <line num="30" count="1" type="stmt"/>
          <line num="31" count="1" type="stmt"/>
          <line num="32" count="1" type="stmt"/>
          <line num="33" count="1" type="stmt"/>
          <line num="35" count="1" type="stmt"/>
          <line num="40" count="1" type="stmt"/>
          <line num="47" count="6" type="stmt"/>
          <line num="48" count="1" type="stmt"/>
          <line num="49" count="1" type="stmt"/>
          <line num="51" count="0" type="stmt"/>
          <line num="56" count="1" type="stmt"/>
          <line num="57" count="1" type="stmt"/>
          <line num="64" count="1" type="stmt"/>
          <line num="65" count="1" type="stmt"/>
          <line num="76" count="10" type="stmt"/>
          <line num="78" count="10" type="stmt"/>
        </file>
      </package>
      <package name="r-ment.src.js.components.ContentInfo">
        <metrics statements="6" coveredstatements="6" conditionals="4" coveredconditionals="4" methods="3" coveredmethods="3"/>
        <file name="index.js" path="/Users/andrivash/domains/r-ment/src/js/components/ContentInfo/index.js">
          <metrics statements="6" coveredstatements="6" conditionals="4" coveredconditionals="4" methods="3" coveredmethods="3"/>
          <line num="11" count="5" type="cond" truecount="4" falsecount="0"/>
          <line num="12" count="3" type="stmt"/>
          <line num="13" count="7" type="stmt"/>
          <line num="25" count="2" type="stmt"/>
          <line num="28" count="3" type="stmt"/>
          <line num="29" count="5" type="stmt"/>
        </file>
      </package>
      <package name="r-ment.src.js.components.ErrorBoundary">
        <metrics statements="6" coveredstatements="4" conditionals="2" coveredconditionals="1" methods="3" coveredmethods="2"/>
        <file name="index.js" path="/Users/andrivash/domains/r-ment/src/js/components/ErrorBoundary/index.js">
          <metrics statements="6" coveredstatements="4" conditionals="2" coveredconditionals="1" methods="3" coveredmethods="2"/>
          <line num="14" count="1" type="stmt"/>
          <line num="15" count="1" type="stmt"/>
          <line num="19" count="0" type="stmt"/>
          <line num="23" count="1" type="cond" truecount="1" falsecount="1"/>
          <line num="24" count="0" type="stmt"/>
          <line num="26" count="1" type="stmt"/>
        </file>
      </package>
      <package name="r-ment.src.js.components.ExtraInfo">
        <metrics statements="4" coveredstatements="4" conditionals="2" coveredconditionals="2" methods="2" coveredmethods="2"/>
        <file name="index.js" path="/Users/andrivash/domains/r-ment/src/js/components/ExtraInfo/index.js">
          <metrics statements="4" coveredstatements="4" conditionals="2" coveredconditionals="2" methods="2" coveredmethods="2"/>
          <line num="11" count="5" type="stmt"/>
          <line num="12" count="5" type="cond" truecount="2" falsecount="0"/>
          <line num="17" count="3" type="stmt"/>
          <line num="18" count="5" type="stmt"/>
        </file>
      </package>
      <package name="r-ment.src.js.components.FilmItem">
        <metrics statements="4" coveredstatements="4" conditionals="0" coveredconditionals="0" methods="2" coveredmethods="2"/>
        <file name="index.js" path="/Users/andrivash/domains/r-ment/src/js/components/FilmItem/index.js">
          <metrics statements="4" coveredstatements="4" conditionals="0" coveredconditionals="0" methods="2" coveredmethods="2"/>
          <line num="23" count="4" type="stmt"/>
          <line num="24" count="7" type="stmt"/>
          <line num="26" count="7" type="stmt"/>
          <line num="27" count="1" type="stmt"/>
        </file>
      </package>
      <package name="r-ment.src.js.components.FilterContent">
        <metrics statements="2" coveredstatements="2" conditionals="4" coveredconditionals="4" methods="1" coveredmethods="1"/>
        <file name="index.js" path="/Users/andrivash/domains/r-ment/src/js/components/FilterContent/index.js">
          <metrics statements="2" coveredstatements="2" conditionals="4" coveredconditionals="4" methods="1" coveredmethods="1"/>
          <line num="8" count="3" type="stmt"/>
          <line num="9" count="5" type="stmt"/>
        </file>
      </package>
      <package name="r-ment.src.js.components.FilterSearch">
        <metrics statements="2" coveredstatements="2" conditionals="4" coveredconditionals="4" methods="1" coveredmethods="1"/>
        <file name="index.js" path="/Users/andrivash/domains/r-ment/src/js/components/FilterSearch/index.js">
          <metrics statements="2" coveredstatements="2" conditionals="4" coveredconditionals="4" methods="1" coveredmethods="1"/>
          <line num="9" count="4" type="stmt"/>
          <line num="10" count="8" type="stmt"/>
        </file>
      </package>
      <package name="r-ment.src.js.components.Footer">
        <metrics statements="2" coveredstatements="2" conditionals="0" coveredconditionals="0" methods="1" coveredmethods="1"/>
        <file name="index.js" path="/Users/andrivash/domains/r-ment/src/js/components/Footer/index.js">
          <metrics statements="2" coveredstatements="2" conditionals="0" coveredconditionals="0" methods="1" coveredmethods="1"/>
          <line num="5" count="2" type="stmt"/>
          <line num="6" count="1" type="stmt"/>
        </file>
      </package>
      <package name="r-ment.src.js.components.Header">
        <metrics statements="10" coveredstatements="10" conditionals="4" coveredconditionals="4" methods="3" coveredmethods="3"/>
        <file name="index.js" path="/Users/andrivash/domains/r-ment/src/js/components/Header/index.js">
          <metrics statements="10" coveredstatements="10" conditionals="4" coveredconditionals="4" methods="3" coveredmethods="3"/>
          <line num="18" count="2" type="stmt"/>
          <line num="19" count="3" type="stmt"/>
          <line num="20" count="3" type="cond" truecount="2" falsecount="0"/>
          <line num="21" count="1" type="stmt"/>
          <line num="28" count="2" type="stmt"/>
          <line num="31" count="2" type="stmt"/>
          <line num="32" count="3" type="stmt"/>
          <line num="33" count="3" type="cond" truecount="2" falsecount="0"/>
          <line num="38" count="2" type="stmt"/>
          <line num="39" count="3" type="stmt"/>
        </file>
      </package>
      <package name="r-ment.src.js.components.Logo">
        <metrics statements="2" coveredstatements="2" conditionals="0" coveredconditionals="0" methods="1" coveredmethods="1"/>
        <file name="index.js" path="/Users/andrivash/domains/r-ment/src/js/components/Logo/index.js">
          <metrics statements="2" coveredstatements="2" conditionals="0" coveredconditionals="0" methods="1" coveredmethods="1"/>
          <line num="4" count="4" type="stmt"/>
          <line num="5" count="2" type="stmt"/>
        </file>
      </package>
      <package name="r-ment.src.js.components.Main">
        <metrics statements="14" coveredstatements="14" conditionals="10" coveredconditionals="8" methods="6" coveredmethods="6"/>
        <file name="index.js" path="/Users/andrivash/domains/r-ment/src/js/components/Main/index.js">
          <metrics statements="14" coveredstatements="14" conditionals="10" coveredconditionals="8" methods="6" coveredmethods="6"/>
          <line num="26" count="1" type="stmt"/>
          <line num="27" count="1" type="stmt"/>
          <line num="28" count="1" type="stmt"/>
          <line num="34" count="6" type="stmt"/>
          <line num="35" count="5" type="cond" truecount="2" falsecount="0"/>
          <line num="42" count="5" type="stmt"/>
          <line num="43" count="5" type="stmt"/>
          <line num="45" count="5" type="cond" truecount="1" falsecount="1"/>
          <line num="54" count="6" type="stmt"/>
          <line num="56" count="6" type="cond" truecount="4" falsecount="0"/>
          <line num="57" count="5" type="stmt"/>
          <line num="67" count="1" type="stmt"/>
          <line num="71" count="6" type="stmt"/>
          <line num="73" count="6" type="stmt"/>
        </file>
      </package>
      <package name="r-ment.src.js.components.Poster">
        <metrics statements="2" coveredstatements="2" conditionals="2" coveredconditionals="2" methods="1" coveredmethods="1"/>
        <file name="index.js" path="/Users/andrivash/domains/r-ment/src/js/components/Poster/index.js">
          <metrics statements="2" coveredstatements="2" conditionals="2" coveredconditionals="2" methods="1" coveredmethods="1"/>
          <line num="10" count="3" type="stmt"/>
          <line num="11" count="3" type="stmt"/>
        </file>
      </package>
      <package name="r-ment.src.js.components.Search">
        <metrics statements="13" coveredstatements="13" conditionals="4" coveredconditionals="3" methods="5" coveredmethods="5"/>
        <file name="index.js" path="/Users/andrivash/domains/r-ment/src/js/components/Search/index.js">
          <metrics statements="13" coveredstatements="13" conditionals="4" coveredconditionals="3" methods="5" coveredmethods="5"/>
          <line num="24" count="1" type="stmt"/>
          <line num="25" count="1" type="stmt"/>
          <line num="31" count="2" type="cond" truecount="2" falsecount="0"/>
          <line num="32" count="1" type="stmt"/>
          <line num="37" count="2" type="stmt"/>
          <line num="38" count="2" type="cond" truecount="1" falsecount="1"/>
          <line num="39" count="2" type="stmt"/>
          <line num="40" count="2" type="stmt"/>
          <line num="47" count="1" type="stmt"/>
          <line num="48" count="1" type="stmt"/>
          <line num="49" count="1" type="stmt"/>
          <line num="55" count="13" type="stmt"/>
          <line num="56" count="13" type="stmt"/>
        </file>
      </package>
      <package name="r-ment.src.js.components.SearchButton">
        <metrics statements="2" coveredstatements="2" conditionals="0" coveredconditionals="0" methods="1" coveredmethods="1"/>
        <file name="index.js" path="/Users/andrivash/domains/r-ment/src/js/components/SearchButton/index.js">
          <metrics statements="2" coveredstatements="2" conditionals="0" coveredconditionals="0" methods="1" coveredmethods="1"/>
          <line num="8" count="4" type="stmt"/>
          <line num="9" count="7" type="stmt"/>
        </file>
      </package>
      <package name="r-ment.src.js.helpers">
        <metrics statements="16" coveredstatements="8" conditionals="4" coveredconditionals="1" methods="6" coveredmethods="2"/>
        <file name="index.js" path="/Users/andrivash/domains/r-ment/src/js/helpers/index.js">
          <metrics statements="16" coveredstatements="8" conditionals="4" coveredconditionals="1" methods="6" coveredmethods="2"/>
          <line num="3" count="0" type="stmt"/>
          <line num="4" count="0" type="stmt"/>
          <line num="18" count="5" type="stmt"/>
          <line num="19" count="5" type="stmt"/>
          <line num="20" count="5" type="stmt"/>
          <line num="21" count="5" type="cond" truecount="1" falsecount="1"/>
          <line num="22" count="0" type="stmt"/>
          <line num="23" count="0" type="stmt"/>
          <line num="25" count="5" type="stmt"/>
          <line num="26" count="5" type="stmt"/>
          <line num="27" count="0" type="cond" truecount="0" falsecount="2"/>
          <line num="28" count="0" type="stmt"/>
          <line num="30" count="0" type="stmt"/>
          <line num="33" count="5" type="stmt"/>
          <line num="34" count="0" type="stmt"/>
          <line num="36" count="5" type="stmt"/>
        </file>
      </package>
    </metrics>
  </project>
</coverage>
