{"/Users/andrivash/domains/r-ment/empty-module.js": {"path":"/Users/andrivash/domains/r-ment/empty-module.js","statementMap":{"0":{"start":{"line":1,"column":0},"end":{"line":1,"column":20}}},"fnMap":{},"branchMap":{},"s":{"0":3},"f":{},"b":{},"_coverageSchema":"332fd63041d2c1bcb487cc26dd0d5f7d97098a6c","hash":"3f42ce81abe04166e8132032572f43ea2509b127"}
,"/Users/andrivash/domains/r-ment/jestsetup.js": {"path":"/Users/andrivash/domains/r-ment/jestsetup.js","statementMap":{"0":{"start":{"line":4,"column":0},"end":{"line":4,"column":38}},"1":{"start":{"line":6,"column":0},"end":{"line":6,"column":25}},"2":{"start":{"line":7,"column":0},"end":{"line":7,"column":23}},"3":{"start":{"line":8,"column":0},"end":{"line":8,"column":21}},"4":{"start":{"line":10,"column":0},"end":{"line":10,"column":56}},"5":{"start":{"line":10,"column":29},"end":{"line":10,"column":53}}},"fnMap":{"0":{"name":"(anonymous_0)","decl":{"start":{"line":10,"column":16},"end":{"line":10,"column":17}},"loc":{"start":{"line":10,"column":27},"end":{"line":10,"column":55}},"line":10}},"branchMap":{},"s":{"0":15,"1":15,"2":15,"3":15,"4":15,"5":0},"f":{"0":0},"b":{},"_coverageSchema":"332fd63041d2c1bcb487cc26dd0d5f7d97098a6c","hash":"d003525358faa371999870837ca5f09865013efe"}
,"/Users/andrivash/domains/r-ment/src/js/components/App.js": {"path":"/Users/andrivash/domains/r-ment/src/js/components/App.js","statementMap":{"0":{"start":{"line":26,"column":4},"end":{"line":26,"column":52}},"1":{"start":{"line":30,"column":4},"end":{"line":30,"column":26}},"2":{"start":{"line":31,"column":4},"end":{"line":31,"column":20}},"3":{"start":{"line":32,"column":17},"end":{"line":32,"column":62}},"4":{"start":{"line":32,"column":47},"end":{"line":32,"column":61}},"5":{"start":{"line":33,"column":18},"end":{"line":33,"column":73}},"6":{"start":{"line":33,"column":48},"end":{"line":33,"column":62}},"7":{"start":{"line":35,"column":4},"end":{"line":39,"column":7}},"8":{"start":{"line":40,"column":4},"end":{"line":43,"column":7}},"9":{"start":{"line":47,"column":4},"end":{"line":52,"column":7}},"10":{"start":{"line":48,"column":6},"end":{"line":48,"column":40}},"11":{"start":{"line":49,"column":6},"end":{"line":49,"column":46}},"12":{"start":{"line":51,"column":6},"end":{"line":51,"column":37}},"13":{"start":{"line":56,"column":4},"end":{"line":56,"column":43}},"14":{"start":{"line":57,"column":4},"end":{"line":60,"column":7}},"15":{"start":{"line":64,"column":4},"end":{"line":64,"column":29}},"16":{"start":{"line":65,"column":4},"end":{"line":67,"column":7}},"17":{"start":{"line":76,"column":8},"end":{"line":76,"column":18}},"18":{"start":{"line":78,"column":4},"end":{"line":96,"column":6}}},"fnMap":{"0":{"name":"(anonymous_0)","decl":{"start":{"line":25,"column":2},"end":{"line":25,"column":3}},"loc":{"start":{"line":25,"column":22},"end":{"line":27,"column":3}},"line":25},"1":{"name":"(anonymous_1)","decl":{"start":{"line":29,"column":17},"end":{"line":29,"column":18}},"loc":{"start":{"line":29,"column":39},"end":{"line":44,"column":3}},"line":29},"2":{"name":"(anonymous_2)","decl":{"start":{"line":32,"column":39},"end":{"line":32,"column":40}},"loc":{"start":{"line":32,"column":47},"end":{"line":32,"column":61}},"line":32},"3":{"name":"(anonymous_3)","decl":{"start":{"line":33,"column":40},"end":{"line":33,"column":41}},"loc":{"start":{"line":33,"column":48},"end":{"line":33,"column":62}},"line":33},"4":{"name":"(anonymous_4)","decl":{"start":{"line":46,"column":14},"end":{"line":46,"column":15}},"loc":{"start":{"line":46,"column":77},"end":{"line":53,"column":3}},"line":46},"5":{"name":"(anonymous_5)","decl":{"start":{"line":47,"column":37},"end":{"line":47,"column":38}},"loc":{"start":{"line":47,"column":51},"end":{"line":50,"column":5}},"line":47},"6":{"name":"(anonymous_6)","decl":{"start":{"line":50,"column":7},"end":{"line":50,"column":8}},"loc":{"start":{"line":50,"column":18},"end":{"line":52,"column":5}},"line":50},"7":{"name":"(anonymous_7)","decl":{"start":{"line":55,"column":13},"end":{"line":55,"column":14}},"loc":{"start":{"line":55,"column":47},"end":{"line":61,"column":3}},"line":55},"8":{"name":"(anonymous_8)","decl":{"start":{"line":63,"column":13},"end":{"line":63,"column":14}},"loc":{"start":{"line":63,"column":19},"end":{"line":68,"column":3}},"line":63},"9":{"name":"(anonymous_9)","decl":{"start":{"line":70,"column":2},"end":{"line":70,"column":3}},"loc":{"start":{"line":70,"column":11},"end":{"line":97,"column":3}},"line":70}},"branchMap":{},"s":{"0":5,"1":1,"2":1,"3":1,"4":1,"5":1,"6":1,"7":1,"8":1,"9":6,"10":1,"11":1,"12":0,"13":1,"14":1,"15":1,"16":1,"17":10,"18":10},"f":{"0":5,"1":1,"2":1,"3":1,"4":6,"5":1,"6":0,"7":1,"8":1,"9":10},"b":{},"_coverageSchema":"332fd63041d2c1bcb487cc26dd0d5f7d97098a6c","hash":"df052af7bf58e473fc5b3de7216136652cd88e54"}
,"/Users/andrivash/domains/r-ment/src/js/components/ContentInfo/index.js": {"path":"/Users/andrivash/domains/r-ment/src/js/components/ContentInfo/index.js","statementMap":{"0":{"start":{"line":11,"column":2},"end":{"line":24,"column":3}},"1":{"start":{"line":12,"column":4},"end":{"line":23,"column":7}},"2":{"start":{"line":13,"column":6},"end":{"line":22,"column":11}},"3":{"start":{"line":25,"column":2},"end":{"line":25,"column":53}},"4":{"start":{"line":28,"column":20},"end":{"line":34,"column":1}},"5":{"start":{"line":29,"column":2},"end":{"line":33,"column":8}}},"fnMap":{"0":{"name":"filmItems","decl":{"start":{"line":10,"column":9},"end":{"line":10,"column":18}},"loc":{"start":{"line":10,"column":33},"end":{"line":26,"column":1}},"line":10},"1":{"name":"(anonymous_1)","decl":{"start":{"line":12,"column":27},"end":{"line":12,"column":28}},"loc":{"start":{"line":13,"column":6},"end":{"line":22,"column":11}},"line":13},"2":{"name":"(anonymous_2)","decl":{"start":{"line":28,"column":20},"end":{"line":28,"column":21}},"loc":{"start":{"line":29,"column":2},"end":{"line":33,"column":8}},"line":29}},"branchMap":{"0":{"loc":{"start":{"line":11,"column":2},"end":{"line":24,"column":3}},"type":"if","locations":[{"start":{"line":11,"column":2},"end":{"line":24,"column":3}},{"start":{"line":11,"column":2},"end":{"line":24,"column":3}}],"line":11},"1":{"loc":{"start":{"line":11,"column":6},"end":{"line":11,"column":39}},"type":"binary-expr","locations":[{"start":{"line":11,"column":6},"end":{"line":11,"column":17}},{"start":{"line":11,"column":21},"end":{"line":11,"column":39}}],"line":11}},"s":{"0":5,"1":3,"2":7,"3":2,"4":3,"5":5},"f":{"0":5,"1":7,"2":5},"b":{"0":[3,2],"1":[5,5]},"_coverageSchema":"332fd63041d2c1bcb487cc26dd0d5f7d97098a6c","hash":"cabeccf4288987231b2b7a17161aeea64047ea26"}
,"/Users/andrivash/domains/r-ment/src/js/components/ErrorBoundary/index.js": {"path":"/Users/andrivash/domains/r-ment/src/js/components/ErrorBoundary/index.js","statementMap":{"0":{"start":{"line":14,"column":4},"end":{"line":14,"column":17}},"1":{"start":{"line":15,"column":4},"end":{"line":15,"column":37}},"2":{"start":{"line":19,"column":4},"end":{"line":19,"column":38}},"3":{"start":{"line":23,"column":4},"end":{"line":25,"column":5}},"4":{"start":{"line":24,"column":6},"end":{"line":24,"column":76}},"5":{"start":{"line":26,"column":4},"end":{"line":26,"column":31}}},"fnMap":{"0":{"name":"(anonymous_0)","decl":{"start":{"line":13,"column":2},"end":{"line":13,"column":3}},"loc":{"start":{"line":13,"column":21},"end":{"line":16,"column":3}},"line":13},"1":{"name":"(anonymous_1)","decl":{"start":{"line":18,"column":2},"end":{"line":18,"column":3}},"loc":{"start":{"line":18,"column":33},"end":{"line":20,"column":3}},"line":18},"2":{"name":"(anonymous_2)","decl":{"start":{"line":22,"column":2},"end":{"line":22,"column":3}},"loc":{"start":{"line":22,"column":11},"end":{"line":27,"column":3}},"line":22}},"branchMap":{"0":{"loc":{"start":{"line":23,"column":4},"end":{"line":25,"column":5}},"type":"if","locations":[{"start":{"line":23,"column":4},"end":{"line":25,"column":5}},{"start":{"line":23,"column":4},"end":{"line":25,"column":5}}],"line":23}},"s":{"0":1,"1":1,"2":0,"3":1,"4":0,"5":1},"f":{"0":1,"1":0,"2":1},"b":{"0":[0,1]},"_coverageSchema":"332fd63041d2c1bcb487cc26dd0d5f7d97098a6c","hash":"2e3b8e9e88197659d94ce843613b4bbe9690a3a6"}
,"/Users/andrivash/domains/r-ment/src/js/components/ExtraInfo/index.js": {"path":"/Users/andrivash/domains/r-ment/src/js/components/ExtraInfo/index.js","statementMap":{"0":{"start":{"line":11,"column":25},"end":{"line":11,"column":30}},"1":{"start":{"line":12,"column":2},"end":{"line":14,"column":67}},"2":{"start":{"line":17,"column":18},"end":{"line":21,"column":1}},"3":{"start":{"line":18,"column":2},"end":{"line":20,"column":8}}},"fnMap":{"0":{"name":"showInfo","decl":{"start":{"line":10,"column":9},"end":{"line":10,"column":17}},"loc":{"start":{"line":10,"column":34},"end":{"line":15,"column":1}},"line":10},"1":{"name":"(anonymous_1)","decl":{"start":{"line":17,"column":18},"end":{"line":17,"column":19}},"loc":{"start":{"line":18,"column":2},"end":{"line":20,"column":8}},"line":18}},"branchMap":{"0":{"loc":{"start":{"line":12,"column":9},"end":{"line":14,"column":66}},"type":"cond-expr","locations":[{"start":{"line":13,"column":4},"end":{"line":13,"column":68}},{"start":{"line":14,"column":4},"end":{"line":14,"column":66}}],"line":12}},"s":{"0":5,"1":5,"2":3,"3":5},"f":{"0":5,"1":5},"b":{"0":[1,4]},"_coverageSchema":"332fd63041d2c1bcb487cc26dd0d5f7d97098a6c","hash":"2655e8f252b9c918b9cb3f7812d16f4fcf6941ab"}
,"/Users/andrivash/domains/r-ment/src/js/components/FilmItem/index.js": {"path":"/Users/andrivash/domains/r-ment/src/js/components/FilmItem/index.js","statementMap":{"0":{"start":{"line":23,"column":17},"end":{"line":38,"column":1}},"1":{"start":{"line":24,"column":37},"end":{"line":24,"column":42}},"2":{"start":{"line":26,"column":2},"end":{"line":37,"column":4}},"3":{"start":{"line":27,"column":47},"end":{"line":27,"column":63}}},"fnMap":{"0":{"name":"(anonymous_0)","decl":{"start":{"line":23,"column":17},"end":{"line":23,"column":18}},"loc":{"start":{"line":23,"column":34},"end":{"line":38,"column":1}},"line":23},"1":{"name":"(anonymous_1)","decl":{"start":{"line":27,"column":40},"end":{"line":27,"column":41}},"loc":{"start":{"line":27,"column":46},"end":{"line":27,"column":64}},"line":27}},"branchMap":{},"s":{"0":4,"1":7,"2":7,"3":1},"f":{"0":7,"1":1},"b":{},"_coverageSchema":"332fd63041d2c1bcb487cc26dd0d5f7d97098a6c","hash":"6873de434f10e603b2c2192d30c77b3f7b20d824"}
,"/Users/andrivash/domains/r-ment/src/js/components/FilterContent/index.js": {"path":"/Users/andrivash/domains/r-ment/src/js/components/FilterContent/index.js","statementMap":{"0":{"start":{"line":8,"column":22},"end":{"line":46,"column":1}},"1":{"start":{"line":9,"column":2},"end":{"line":45,"column":8}}},"fnMap":{"0":{"name":"(anonymous_0)","decl":{"start":{"line":8,"column":22},"end":{"line":8,"column":23}},"loc":{"start":{"line":9,"column":2},"end":{"line":45,"column":8}},"line":9}},"branchMap":{"0":{"loc":{"start":{"line":13,"column":19},"end":{"line":15,"column":31}},"type":"cond-expr","locations":[{"start":{"line":14,"column":8},"end":{"line":14,"column":38}},{"start":{"line":15,"column":8},"end":{"line":15,"column":31}}],"line":13},"1":{"loc":{"start":{"line":29,"column":19},"end":{"line":31,"column":31}},"type":"cond-expr","locations":[{"start":{"line":30,"column":8},"end":{"line":30,"column":38}},{"start":{"line":31,"column":8},"end":{"line":31,"column":31}}],"line":29}},"s":{"0":3,"1":5},"f":{"0":5},"b":{"0":[2,3],"1":[2,3]},"_coverageSchema":"332fd63041d2c1bcb487cc26dd0d5f7d97098a6c","hash":"319c9c3b27a12b1235967008010cc6b57096a186"}
,"/Users/andrivash/domains/r-ment/src/js/components/FilterSearch/index.js": {"path":"/Users/andrivash/domains/r-ment/src/js/components/FilterSearch/index.js","statementMap":{"0":{"start":{"line":9,"column":21},"end":{"line":47,"column":1}},"1":{"start":{"line":10,"column":2},"end":{"line":46,"column":8}}},"fnMap":{"0":{"name":"(anonymous_0)","decl":{"start":{"line":9,"column":21},"end":{"line":9,"column":22}},"loc":{"start":{"line":10,"column":2},"end":{"line":46,"column":8}},"line":10}},"branchMap":{"0":{"loc":{"start":{"line":14,"column":19},"end":{"line":16,"column":48}},"type":"cond-expr","locations":[{"start":{"line":15,"column":8},"end":{"line":15,"column":55}},{"start":{"line":16,"column":8},"end":{"line":16,"column":48}}],"line":14},"1":{"loc":{"start":{"line":30,"column":19},"end":{"line":32,"column":48}},"type":"cond-expr","locations":[{"start":{"line":31,"column":8},"end":{"line":31,"column":55}},{"start":{"line":32,"column":8},"end":{"line":32,"column":48}}],"line":30}},"s":{"0":4,"1":8},"f":{"0":8},"b":{"0":[2,6],"1":[5,3]},"_coverageSchema":"332fd63041d2c1bcb487cc26dd0d5f7d97098a6c","hash":"9869076f6da1ee3d42c1cf1a0a2011b9ce647c8f"}
,"/Users/andrivash/domains/r-ment/src/js/components/Footer/index.js": {"path":"/Users/andrivash/domains/r-ment/src/js/components/Footer/index.js","statementMap":{"0":{"start":{"line":5,"column":15},"end":{"line":11,"column":1}},"1":{"start":{"line":6,"column":2},"end":{"line":10,"column":11}}},"fnMap":{"0":{"name":"(anonymous_0)","decl":{"start":{"line":5,"column":15},"end":{"line":5,"column":16}},"loc":{"start":{"line":6,"column":2},"end":{"line":10,"column":11}},"line":6}},"branchMap":{},"s":{"0":2,"1":1},"f":{"0":1},"b":{},"_coverageSchema":"332fd63041d2c1bcb487cc26dd0d5f7d97098a6c","hash":"d4b94118f466a7025576c3fdb84cf63e22533dcc"}
,"/Users/andrivash/domains/r-ment/src/js/components/Header/index.js": {"path":"/Users/andrivash/domains/r-ment/src/js/components/Header/index.js","statementMap":{"0":{"start":{"line":18,"column":18},"end":{"line":29,"column":1}},"1":{"start":{"line":19,"column":29},"end":{"line":19,"column":34}},"2":{"start":{"line":20,"column":2},"end":{"line":27,"column":3}},"3":{"start":{"line":21,"column":4},"end":{"line":26,"column":6}},"4":{"start":{"line":28,"column":2},"end":{"line":28,"column":55}},"5":{"start":{"line":31,"column":22},"end":{"line":36,"column":1}},"6":{"start":{"line":32,"column":41},"end":{"line":32,"column":46}},"7":{"start":{"line":33,"column":2},"end":{"line":35,"column":39}},"8":{"start":{"line":38,"column":15},"end":{"line":45,"column":1}},"9":{"start":{"line":39,"column":2},"end":{"line":44,"column":8}}},"fnMap":{"0":{"name":"(anonymous_0)","decl":{"start":{"line":18,"column":18},"end":{"line":18,"column":19}},"loc":{"start":{"line":18,"column":36},"end":{"line":29,"column":1}},"line":18},"1":{"name":"(anonymous_1)","decl":{"start":{"line":31,"column":22},"end":{"line":31,"column":23}},"loc":{"start":{"line":31,"column":42},"end":{"line":36,"column":1}},"line":31},"2":{"name":"(anonymous_2)","decl":{"start":{"line":38,"column":15},"end":{"line":38,"column":16}},"loc":{"start":{"line":39,"column":2},"end":{"line":44,"column":8}},"line":39}},"branchMap":{"0":{"loc":{"start":{"line":20,"column":2},"end":{"line":27,"column":3}},"type":"if","locations":[{"start":{"line":20,"column":2},"end":{"line":27,"column":3}},{"start":{"line":20,"column":2},"end":{"line":27,"column":3}}],"line":20},"1":{"loc":{"start":{"line":33,"column":9},"end":{"line":35,"column":38}},"type":"cond-expr","locations":[{"start":{"line":34,"column":4},"end":{"line":34,"column":32}},{"start":{"line":35,"column":4},"end":{"line":35,"column":38}}],"line":33}},"s":{"0":2,"1":3,"2":3,"3":1,"4":2,"5":2,"6":3,"7":3,"8":2,"9":3},"f":{"0":3,"1":3,"2":3},"b":{"0":[1,2],"1":[1,2]},"_coverageSchema":"332fd63041d2c1bcb487cc26dd0d5f7d97098a6c","hash":"0d09b4542ad03352af39305ac9eff2a0aff6a1cd"}
,"/Users/andrivash/domains/r-ment/src/js/components/Logo/index.js": {"path":"/Users/andrivash/domains/r-ment/src/js/components/Logo/index.js","statementMap":{"0":{"start":{"line":4,"column":13},"end":{"line":8,"column":1}},"1":{"start":{"line":5,"column":2},"end":{"line":7,"column":8}}},"fnMap":{"0":{"name":"(anonymous_0)","decl":{"start":{"line":4,"column":13},"end":{"line":4,"column":14}},"loc":{"start":{"line":5,"column":2},"end":{"line":7,"column":8}},"line":5}},"branchMap":{},"s":{"0":4,"1":2},"f":{"0":2},"b":{},"_coverageSchema":"332fd63041d2c1bcb487cc26dd0d5f7d97098a6c","hash":"5f790cf6eb501f5abb1b59576cdbdd11abb47c45"}
,"/Users/andrivash/domains/r-ment/src/js/components/Main/index.js": {"path":"/Users/andrivash/domains/r-ment/src/js/components/Main/index.js","statementMap":{"0":{"start":{"line":26,"column":23},"end":{"line":26,"column":28}},"1":{"start":{"line":27,"column":4},"end":{"line":27,"column":30}},"2":{"start":{"line":28,"column":4},"end":{"line":30,"column":7}},"3":{"start":{"line":34,"column":4},"end":{"line":38,"column":7}},"4":{"start":{"line":35,"column":6},"end":{"line":37,"column":64}},"5":{"start":{"line":42,"column":21},"end":{"line":42,"column":31}},"6":{"start":{"line":43,"column":25},"end":{"line":43,"column":35}},"7":{"start":{"line":45,"column":4},"end":{"line":50,"column":9}},"8":{"start":{"line":54,"column":35},"end":{"line":54,"column":45}},"9":{"start":{"line":56,"column":4},"end":{"line":66,"column":5}},"10":{"start":{"line":57,"column":6},"end":{"line":65,"column":8}},"11":{"start":{"line":67,"column":4},"end":{"line":67,"column":16}},"12":{"start":{"line":71,"column":29},"end":{"line":71,"column":39}},"13":{"start":{"line":73,"column":4},"end":{"line":87,"column":6}}},"fnMap":{"0":{"name":"(anonymous_0)","decl":{"start":{"line":25,"column":19},"end":{"line":25,"column":20}},"loc":{"start":{"line":25,"column":75},"end":{"line":31,"column":3}},"line":25},"1":{"name":"(anonymous_1)","decl":{"start":{"line":33,"column":15},"end":{"line":33,"column":16}},"loc":{"start":{"line":33,"column":21},"end":{"line":39,"column":3}},"line":33},"2":{"name":"(anonymous_2)","decl":{"start":{"line":34,"column":33},"end":{"line":34,"column":34}},"loc":{"start":{"line":34,"column":43},"end":{"line":38,"column":5}},"line":34},"3":{"name":"(anonymous_3)","decl":{"start":{"line":41,"column":15},"end":{"line":41,"column":16}},"loc":{"start":{"line":41,"column":21},"end":{"line":51,"column":3}},"line":41},"4":{"name":"(anonymous_4)","decl":{"start":{"line":53,"column":20},"end":{"line":53,"column":21}},"loc":{"start":{"line":53,"column":26},"end":{"line":68,"column":3}},"line":53},"5":{"name":"(anonymous_5)","decl":{"start":{"line":70,"column":2},"end":{"line":70,"column":3}},"loc":{"start":{"line":70,"column":11},"end":{"line":88,"column":3}},"line":70}},"branchMap":{"0":{"loc":{"start":{"line":35,"column":13},"end":{"line":37,"column":63}},"type":"cond-expr","locations":[{"start":{"line":36,"column":8},"end":{"line":36,"column":39}},{"start":{"line":37,"column":8},"end":{"line":37,"column":63}}],"line":35},"1":{"loc":{"start":{"line":45,"column":11},"end":{"line":50,"column":8}},"type":"cond-expr","locations":[{"start":{"line":46,"column":6},"end":{"line":46,"column":10}},{"start":{"line":47,"column":6},"end":{"line":50,"column":8}}],"line":45},"2":{"loc":{"start":{"line":56,"column":4},"end":{"line":66,"column":5}},"type":"if","locations":[{"start":{"line":56,"column":4},"end":{"line":66,"column":5}},{"start":{"line":56,"column":4},"end":{"line":66,"column":5}}],"line":56},"3":{"loc":{"start":{"line":56,"column":8},"end":{"line":56,"column":29}},"type":"binary-expr","locations":[{"start":{"line":56,"column":8},"end":{"line":56,"column":13}},{"start":{"line":56,"column":17},"end":{"line":56,"column":29}}],"line":56},"4":{"loc":{"start":{"line":60,"column":18},"end":{"line":60,"column":81}},"type":"cond-expr","locations":[{"start":{"line":60,"column":50},"end":{"line":60,"column":55}},{"start":{"line":60,"column":58},"end":{"line":60,"column":81}}],"line":60}},"s":{"0":1,"1":1,"2":1,"3":6,"4":5,"5":5,"6":5,"7":5,"8":6,"9":6,"10":5,"11":1,"12":6,"13":6},"f":{"0":1,"1":6,"2":5,"3":5,"4":6,"5":6},"b":{"0":[4,1],"1":[0,5],"2":[5,1],"3":[6,6],"4":[0,5]},"_coverageSchema":"332fd63041d2c1bcb487cc26dd0d5f7d97098a6c","hash":"da87c3f62daca7375378326bd7ed5eda0b445aa1"}
,"/Users/andrivash/domains/r-ment/src/js/components/Poster/index.js": {"path":"/Users/andrivash/domains/r-ment/src/js/components/Poster/index.js","statementMap":{"0":{"start":{"line":10,"column":15},"end":{"line":29,"column":1}},"1":{"start":{"line":11,"column":2},"end":{"line":28,"column":8}}},"fnMap":{"0":{"name":"(anonymous_0)","decl":{"start":{"line":10,"column":15},"end":{"line":10,"column":16}},"loc":{"start":{"line":11,"column":2},"end":{"line":28,"column":8}},"line":11}},"branchMap":{"0":{"loc":{"start":{"line":23,"column":40},"end":{"line":23,"column":93}},"type":"cond-expr","locations":[{"start":{"line":23,"column":61},"end":{"line":23,"column":88}},{"start":{"line":23,"column":91},"end":{"line":23,"column":93}}],"line":23}},"s":{"0":3,"1":3},"f":{"0":3},"b":{"0":[2,1]},"_coverageSchema":"332fd63041d2c1bcb487cc26dd0d5f7d97098a6c","hash":"8d20806b9e481cfe4a526a4f342b7f4816fa931b"}
,"/Users/andrivash/domains/r-ment/src/js/components/Search/index.js": {"path":"/Users/andrivash/domains/r-ment/src/js/components/Search/index.js","statementMap":{"0":{"start":{"line":24,"column":22},"end":{"line":24,"column":34}},"1":{"start":{"line":25,"column":4},"end":{"line":27,"column":7}},"2":{"start":{"line":31,"column":4},"end":{"line":33,"column":5}},"3":{"start":{"line":32,"column":6},"end":{"line":32,"column":26}},"4":{"start":{"line":37,"column":17},"end":{"line":37,"column":38}},"5":{"start":{"line":38,"column":4},"end":{"line":43,"column":5}},"6":{"start":{"line":39,"column":6},"end":{"line":39,"column":61}},"7":{"start":{"line":40,"column":6},"end":{"line":42,"column":9}},"8":{"start":{"line":47,"column":23},"end":{"line":47,"column":28}},"9":{"start":{"line":48,"column":4},"end":{"line":48,"column":30}},"10":{"start":{"line":49,"column":4},"end":{"line":51,"column":7}},"11":{"start":{"line":55,"column":41},"end":{"line":55,"column":51}},"12":{"start":{"line":56,"column":4},"end":{"line":80,"column":6}}},"fnMap":{"0":{"name":"(anonymous_0)","decl":{"start":{"line":23,"column":17},"end":{"line":23,"column":18}},"loc":{"start":{"line":23,"column":73},"end":{"line":28,"column":3}},"line":23},"1":{"name":"(anonymous_1)","decl":{"start":{"line":30,"column":19},"end":{"line":30,"column":20}},"loc":{"start":{"line":30,"column":56},"end":{"line":34,"column":3}},"line":30},"2":{"name":"(anonymous_2)","decl":{"start":{"line":36,"column":17},"end":{"line":36,"column":18}},"loc":{"start":{"line":36,"column":23},"end":{"line":44,"column":3}},"line":36},"3":{"name":"(anonymous_3)","decl":{"start":{"line":46,"column":17},"end":{"line":46,"column":18}},"loc":{"start":{"line":46,"column":73},"end":{"line":52,"column":3}},"line":46},"4":{"name":"(anonymous_4)","decl":{"start":{"line":54,"column":2},"end":{"line":54,"column":3}},"loc":{"start":{"line":54,"column":11},"end":{"line":81,"column":3}},"line":54}},"branchMap":{"0":{"loc":{"start":{"line":31,"column":4},"end":{"line":33,"column":5}},"type":"if","locations":[{"start":{"line":31,"column":4},"end":{"line":33,"column":5}},{"start":{"line":31,"column":4},"end":{"line":33,"column":5}}],"line":31},"1":{"loc":{"start":{"line":38,"column":4},"end":{"line":43,"column":5}},"type":"if","locations":[{"start":{"line":38,"column":4},"end":{"line":43,"column":5}},{"start":{"line":38,"column":4},"end":{"line":43,"column":5}}],"line":38}},"s":{"0":1,"1":1,"2":2,"3":1,"4":2,"5":2,"6":2,"7":2,"8":1,"9":1,"10":1,"11":13,"12":13},"f":{"0":1,"1":2,"2":2,"3":1,"4":13},"b":{"0":[1,1],"1":[2,0]},"_coverageSchema":"332fd63041d2c1bcb487cc26dd0d5f7d97098a6c","hash":"991779c3b84b032f5a7f6375865a8d33a52907e3"}
,"/Users/andrivash/domains/r-ment/src/js/components/SearchButton/index.js": {"path":"/Users/andrivash/domains/r-ment/src/js/components/SearchButton/index.js","statementMap":{"0":{"start":{"line":8,"column":21},"end":{"line":15,"column":1}},"1":{"start":{"line":9,"column":2},"end":{"line":14,"column":11}}},"fnMap":{"0":{"name":"(anonymous_0)","decl":{"start":{"line":8,"column":21},"end":{"line":8,"column":22}},"loc":{"start":{"line":9,"column":2},"end":{"line":14,"column":11}},"line":9}},"branchMap":{},"s":{"0":4,"1":7},"f":{"0":7},"b":{},"_coverageSchema":"332fd63041d2c1bcb487cc26dd0d5f7d97098a6c","hash":"e4ac2ca6a7425033047697060f14fc27d4191a24"}
,"/Users/andrivash/domains/r-ment/src/js/helpers/index.js": {"path":"/Users/andrivash/domains/r-ment/src/js/helpers/index.js","statementMap":{"0":{"start":{"line":3,"column":4},"end":{"line":5,"column":18}},"1":{"start":{"line":4,"column":6},"end":{"line":4,"column":49}},"2":{"start":{"line":18,"column":4},"end":{"line":37,"column":6}},"3":{"start":{"line":19,"column":18},"end":{"line":19,"column":38}},"4":{"start":{"line":20,"column":24},"end":{"line":20,"column":27}},"5":{"start":{"line":21,"column":6},"end":{"line":24,"column":7}},"6":{"start":{"line":22,"column":8},"end":{"line":22,"column":63}},"7":{"start":{"line":23,"column":8},"end":{"line":23,"column":33}},"8":{"start":{"line":25,"column":6},"end":{"line":25,"column":35}},"9":{"start":{"line":26,"column":6},"end":{"line":32,"column":8}},"10":{"start":{"line":27,"column":8},"end":{"line":31,"column":9}},"11":{"start":{"line":28,"column":10},"end":{"line":28,"column":44}},"12":{"start":{"line":30,"column":10},"end":{"line":30,"column":40}},"13":{"start":{"line":33,"column":6},"end":{"line":35,"column":8}},"14":{"start":{"line":34,"column":8},"end":{"line":34,"column":39}},"15":{"start":{"line":36,"column":6},"end":{"line":36,"column":17}}},"fnMap":{"0":{"name":"(anonymous_0)","decl":{"start":{"line":2,"column":21},"end":{"line":2,"column":22}},"loc":{"start":{"line":3,"column":4},"end":{"line":5,"column":18}},"line":3},"1":{"name":"(anonymous_1)","decl":{"start":{"line":3,"column":32},"end":{"line":3,"column":33}},"loc":{"start":{"line":4,"column":6},"end":{"line":4,"column":49}},"line":4},"2":{"name":"(anonymous_2)","decl":{"start":{"line":17,"column":11},"end":{"line":17,"column":12}},"loc":{"start":{"line":18,"column":4},"end":{"line":37,"column":6}},"line":18},"3":{"name":"(anonymous_3)","decl":{"start":{"line":18,"column":17},"end":{"line":18,"column":18}},"loc":{"start":{"line":18,"column":38},"end":{"line":37,"column":5}},"line":18},"4":{"name":"(anonymous_4)","decl":{"start":{"line":26,"column":19},"end":{"line":26,"column":20}},"loc":{"start":{"line":26,"column":25},"end":{"line":32,"column":7}},"line":26},"5":{"name":"(anonymous_5)","decl":{"start":{"line":33,"column":20},"end":{"line":33,"column":21}},"loc":{"start":{"line":33,"column":26},"end":{"line":35,"column":7}},"line":33}},"branchMap":{"0":{"loc":{"start":{"line":21,"column":6},"end":{"line":24,"column":7}},"type":"if","locations":[{"start":{"line":21,"column":6},"end":{"line":24,"column":7}},{"start":{"line":21,"column":6},"end":{"line":24,"column":7}}],"line":21},"1":{"loc":{"start":{"line":27,"column":8},"end":{"line":31,"column":9}},"type":"if","locations":[{"start":{"line":27,"column":8},"end":{"line":31,"column":9}},{"start":{"line":27,"column":8},"end":{"line":31,"column":9}}],"line":27}},"s":{"0":0,"1":0,"2":5,"3":5,"4":5,"5":5,"6":0,"7":0,"8":5,"9":5,"10":0,"11":0,"12":0,"13":5,"14":0,"15":5},"f":{"0":0,"1":0,"2":5,"3":5,"4":0,"5":0},"b":{"0":[0,5],"1":[0,0]},"_coverageSchema":"332fd63041d2c1bcb487cc26dd0d5f7d97098a6c","hash":"4a169ac77308b5684616cf0711df963e1e762151"}
}
