{"/Users/andriy_ivashchenko/domains/r-films/empty-module.js": {"path":"/Users/andriy_ivashchenko/domains/r-films/empty-module.js","statementMap":{"0":{"start":{"line":1,"column":0},"end":{"line":1,"column":20}}},"fnMap":{},"branchMap":{},"s":{"0":3},"f":{},"b":{},"_coverageSchema":"332fd63041d2c1bcb487cc26dd0d5f7d97098a6c","hash":"7e0364e6dc9a8bef181a9abc222929e77138cd12"}
,"/Users/andriy_ivashchenko/domains/r-films/jestsetup.js": {"path":"/Users/andriy_ivashchenko/domains/r-films/jestsetup.js","statementMap":{"0":{"start":{"line":4,"column":0},"end":{"line":4,"column":38}},"1":{"start":{"line":6,"column":0},"end":{"line":6,"column":25}},"2":{"start":{"line":7,"column":0},"end":{"line":7,"column":23}},"3":{"start":{"line":8,"column":0},"end":{"line":8,"column":21}},"4":{"start":{"line":10,"column":0},"end":{"line":10,"column":56}},"5":{"start":{"line":10,"column":29},"end":{"line":10,"column":53}}},"fnMap":{"0":{"name":"(anonymous_0)","decl":{"start":{"line":10,"column":16},"end":{"line":10,"column":17}},"loc":{"start":{"line":10,"column":27},"end":{"line":10,"column":55}},"line":10}},"branchMap":{},"s":{"0":15,"1":15,"2":15,"3":15,"4":15,"5":0},"f":{"0":0},"b":{},"_coverageSchema":"332fd63041d2c1bcb487cc26dd0d5f7d97098a6c","hash":"028dc2aee4a94d55fc526f35e700410e0f9b27f9"}
,"/Users/andriy_ivashchenko/domains/r-films/src/js/components/App.js": {"path":"/Users/andriy_ivashchenko/domains/r-films/src/js/components/App.js","statementMap":{"0":{"start":{"line":34,"column":4},"end":{"line":34,"column":52}},"1":{"start":{"line":38,"column":17},"end":{"line":38,"column":62}},"2":{"start":{"line":38,"column":47},"end":{"line":38,"column":61}},"3":{"start":{"line":39,"column":18},"end":{"line":39,"column":44}},"4":{"start":{"line":41,"column":4},"end":{"line":45,"column":7}},"5":{"start":{"line":46,"column":4},"end":{"line":49,"column":7}},"6":{"start":{"line":53,"column":4},"end":{"line":57,"column":7}},"7":{"start":{"line":54,"column":6},"end":{"line":54,"column":46}},"8":{"start":{"line":56,"column":6},"end":{"line":56,"column":32}},"9":{"start":{"line":61,"column":4},"end":{"line":61,"column":43}},"10":{"start":{"line":62,"column":4},"end":{"line":65,"column":7}},"11":{"start":{"line":69,"column":4},"end":{"line":71,"column":7}},"12":{"start":{"line":80,"column":8},"end":{"line":80,"column":18}},"13":{"start":{"line":82,"column":4},"end":{"line":100,"column":6}}},"fnMap":{"0":{"name":"(anonymous_0)","decl":{"start":{"line":33,"column":2},"end":{"line":33,"column":3}},"loc":{"start":{"line":33,"column":22},"end":{"line":35,"column":3}},"line":33},"1":{"name":"(anonymous_1)","decl":{"start":{"line":37,"column":17},"end":{"line":37,"column":18}},"loc":{"start":{"line":37,"column":39},"end":{"line":50,"column":3}},"line":37},"2":{"name":"(anonymous_2)","decl":{"start":{"line":38,"column":39},"end":{"line":38,"column":40}},"loc":{"start":{"line":38,"column":47},"end":{"line":38,"column":61}},"line":38},"3":{"name":"(anonymous_3)","decl":{"start":{"line":52,"column":14},"end":{"line":52,"column":15}},"loc":{"start":{"line":52,"column":77},"end":{"line":58,"column":3}},"line":52},"4":{"name":"(anonymous_4)","decl":{"start":{"line":53,"column":37},"end":{"line":53,"column":38}},"loc":{"start":{"line":53,"column":51},"end":{"line":55,"column":5}},"line":53},"5":{"name":"(anonymous_5)","decl":{"start":{"line":55,"column":13},"end":{"line":55,"column":14}},"loc":{"start":{"line":55,"column":20},"end":{"line":57,"column":5}},"line":55},"6":{"name":"(anonymous_6)","decl":{"start":{"line":60,"column":13},"end":{"line":60,"column":14}},"loc":{"start":{"line":60,"column":47},"end":{"line":66,"column":3}},"line":60},"7":{"name":"(anonymous_7)","decl":{"start":{"line":68,"column":13},"end":{"line":68,"column":14}},"loc":{"start":{"line":68,"column":19},"end":{"line":72,"column":3}},"line":68},"8":{"name":"(anonymous_8)","decl":{"start":{"line":74,"column":2},"end":{"line":74,"column":3}},"loc":{"start":{"line":74,"column":11},"end":{"line":101,"column":3}},"line":74}},"branchMap":{"0":{"loc":{"start":{"line":39,"column":18},"end":{"line":39,"column":44}},"type":"cond-expr","locations":[{"start":{"line":39,"column":25},"end":{"line":39,"column":39}},{"start":{"line":39,"column":42},"end":{"line":39,"column":44}}],"line":39}},"s":{"0":5,"1":1,"2":1,"3":1,"4":1,"5":1,"6":6,"7":1,"8":0,"9":1,"10":1,"11":1,"12":10,"13":10},"f":{"0":5,"1":1,"2":1,"3":6,"4":1,"5":0,"6":1,"7":1,"8":10},"b":{"0":[1,0]},"_coverageSchema":"332fd63041d2c1bcb487cc26dd0d5f7d97098a6c","hash":"ffb920dbca4ae4296bd544755a77ce5ae7a54123"}
,"/Users/andriy_ivashchenko/domains/r-films/src/js/components/ContentInfo/index.js": {"path":"/Users/andriy_ivashchenko/domains/r-films/src/js/components/ContentInfo/index.js","statementMap":{"0":{"start":{"line":11,"column":20},"end":{"line":26,"column":1}},"1":{"start":{"line":12,"column":2},"end":{"line":25,"column":8}},"2":{"start":{"line":16,"column":10},"end":{"line":21,"column":12}}},"fnMap":{"0":{"name":"(anonymous_0)","decl":{"start":{"line":11,"column":20},"end":{"line":11,"column":21}},"loc":{"start":{"line":12,"column":2},"end":{"line":25,"column":8}},"line":12},"1":{"name":"(anonymous_1)","decl":{"start":{"line":15,"column":24},"end":{"line":15,"column":25}},"loc":{"start":{"line":16,"column":10},"end":{"line":21,"column":12}},"line":16}},"branchMap":{"0":{"loc":{"start":{"line":14,"column":7},"end":{"line":22,"column":53}},"type":"cond-expr","locations":[{"start":{"line":15,"column":8},"end":{"line":21,"column":14}},{"start":{"line":22,"column":9},"end":{"line":22,"column":52}}],"line":14},"1":{"loc":{"start":{"line":14,"column":7},"end":{"line":14,"column":47}},"type":"binary-expr","locations":[{"start":{"line":14,"column":7},"end":{"line":14,"column":25}},{"start":{"line":14,"column":29},"end":{"line":14,"column":47}}],"line":14}},"s":{"0":3,"1":5,"2":7},"f":{"0":5,"1":7},"b":{"0":[3,2],"1":[5,3]},"_coverageSchema":"332fd63041d2c1bcb487cc26dd0d5f7d97098a6c","hash":"e42eba00cd0e08f6d52bbb7d6586c1061494f088"}
,"/Users/andriy_ivashchenko/domains/r-films/src/js/components/ErrorBoundary/index.js": {"path":"/Users/andriy_ivashchenko/domains/r-films/src/js/components/ErrorBoundary/index.js","statementMap":{"0":{"start":{"line":14,"column":4},"end":{"line":14,"column":17}},"1":{"start":{"line":15,"column":4},"end":{"line":15,"column":37}},"2":{"start":{"line":19,"column":4},"end":{"line":19,"column":38}},"3":{"start":{"line":23,"column":4},"end":{"line":25,"column":5}},"4":{"start":{"line":24,"column":6},"end":{"line":24,"column":76}},"5":{"start":{"line":26,"column":4},"end":{"line":26,"column":31}}},"fnMap":{"0":{"name":"(anonymous_0)","decl":{"start":{"line":13,"column":2},"end":{"line":13,"column":3}},"loc":{"start":{"line":13,"column":21},"end":{"line":16,"column":3}},"line":13},"1":{"name":"(anonymous_1)","decl":{"start":{"line":18,"column":2},"end":{"line":18,"column":3}},"loc":{"start":{"line":18,"column":33},"end":{"line":20,"column":3}},"line":18},"2":{"name":"(anonymous_2)","decl":{"start":{"line":22,"column":2},"end":{"line":22,"column":3}},"loc":{"start":{"line":22,"column":11},"end":{"line":27,"column":3}},"line":22}},"branchMap":{"0":{"loc":{"start":{"line":23,"column":4},"end":{"line":25,"column":5}},"type":"if","locations":[{"start":{"line":23,"column":4},"end":{"line":25,"column":5}},{"start":{"line":23,"column":4},"end":{"line":25,"column":5}}],"line":23}},"s":{"0":1,"1":1,"2":0,"3":1,"4":0,"5":1},"f":{"0":1,"1":0,"2":1},"b":{"0":[0,1]},"_coverageSchema":"332fd63041d2c1bcb487cc26dd0d5f7d97098a6c","hash":"283df5d6f93966df54723ac55f1a0a9c4c41fdad"}
,"/Users/andriy_ivashchenko/domains/r-films/src/js/components/ExtraInfo/index.js": {"path":"/Users/andriy_ivashchenko/domains/r-films/src/js/components/ExtraInfo/index.js","statementMap":{"0":{"start":{"line":12,"column":25},"end":{"line":12,"column":30}},"1":{"start":{"line":13,"column":2},"end":{"line":15,"column":27}},"2":{"start":{"line":18,"column":18},"end":{"line":24,"column":1}},"3":{"start":{"line":19,"column":2},"end":{"line":23,"column":8}}},"fnMap":{"0":{"name":"showInfo","decl":{"start":{"line":11,"column":9},"end":{"line":11,"column":17}},"loc":{"start":{"line":11,"column":34},"end":{"line":16,"column":1}},"line":11},"1":{"name":"(anonymous_1)","decl":{"start":{"line":18,"column":18},"end":{"line":18,"column":19}},"loc":{"start":{"line":19,"column":2},"end":{"line":23,"column":8}},"line":19}},"branchMap":{"0":{"loc":{"start":{"line":13,"column":9},"end":{"line":15,"column":26}},"type":"cond-expr","locations":[{"start":{"line":14,"column":4},"end":{"line":14,"column":28}},{"start":{"line":15,"column":4},"end":{"line":15,"column":26}}],"line":13}},"s":{"0":5,"1":5,"2":3,"3":5},"f":{"0":5,"1":5},"b":{"0":[1,4]},"_coverageSchema":"332fd63041d2c1bcb487cc26dd0d5f7d97098a6c","hash":"5241c9285f6e6756f1a087122976146b0bcc7172"}
,"/Users/andriy_ivashchenko/domains/r-films/src/js/components/FilmItem/index.js": {"path":"/Users/andriy_ivashchenko/domains/r-films/src/js/components/FilmItem/index.js","statementMap":{"0":{"start":{"line":11,"column":17},"end":{"line":28,"column":1}},"1":{"start":{"line":12,"column":37},"end":{"line":12,"column":42}},"2":{"start":{"line":14,"column":2},"end":{"line":27,"column":4}},"3":{"start":{"line":15,"column":52},"end":{"line":15,"column":68}}},"fnMap":{"0":{"name":"(anonymous_0)","decl":{"start":{"line":11,"column":17},"end":{"line":11,"column":18}},"loc":{"start":{"line":11,"column":34},"end":{"line":28,"column":1}},"line":11},"1":{"name":"(anonymous_1)","decl":{"start":{"line":15,"column":45},"end":{"line":15,"column":46}},"loc":{"start":{"line":15,"column":51},"end":{"line":15,"column":69}},"line":15}},"branchMap":{},"s":{"0":4,"1":7,"2":7,"3":1},"f":{"0":7,"1":1},"b":{},"_coverageSchema":"332fd63041d2c1bcb487cc26dd0d5f7d97098a6c","hash":"b244b10fb97a8b972b67d7b8d0359684b492e0c4"}
,"/Users/andriy_ivashchenko/domains/r-films/src/js/components/FilterContent/index.js": {"path":"/Users/andriy_ivashchenko/domains/r-films/src/js/components/FilterContent/index.js","statementMap":{"0":{"start":{"line":9,"column":22},"end":{"line":47,"column":1}},"1":{"start":{"line":10,"column":2},"end":{"line":46,"column":8}}},"fnMap":{"0":{"name":"(anonymous_0)","decl":{"start":{"line":9,"column":22},"end":{"line":9,"column":23}},"loc":{"start":{"line":10,"column":2},"end":{"line":46,"column":8}},"line":10}},"branchMap":{"0":{"loc":{"start":{"line":14,"column":19},"end":{"line":16,"column":31}},"type":"cond-expr","locations":[{"start":{"line":15,"column":8},"end":{"line":15,"column":38}},{"start":{"line":16,"column":8},"end":{"line":16,"column":31}}],"line":14},"1":{"loc":{"start":{"line":30,"column":19},"end":{"line":32,"column":31}},"type":"cond-expr","locations":[{"start":{"line":31,"column":8},"end":{"line":31,"column":38}},{"start":{"line":32,"column":8},"end":{"line":32,"column":31}}],"line":30}},"s":{"0":3,"1":5},"f":{"0":5},"b":{"0":[2,3],"1":[2,3]},"_coverageSchema":"332fd63041d2c1bcb487cc26dd0d5f7d97098a6c","hash":"87bcec8ad3185b9970cc34076b50bfcbdda2432e"}
,"/Users/andriy_ivashchenko/domains/r-films/src/js/components/FilterSearch/index.js": {"path":"/Users/andriy_ivashchenko/domains/r-films/src/js/components/FilterSearch/index.js","statementMap":{"0":{"start":{"line":9,"column":21},"end":{"line":47,"column":1}},"1":{"start":{"line":10,"column":2},"end":{"line":46,"column":8}}},"fnMap":{"0":{"name":"(anonymous_0)","decl":{"start":{"line":9,"column":21},"end":{"line":9,"column":22}},"loc":{"start":{"line":10,"column":2},"end":{"line":46,"column":8}},"line":10}},"branchMap":{"0":{"loc":{"start":{"line":14,"column":19},"end":{"line":16,"column":48}},"type":"cond-expr","locations":[{"start":{"line":15,"column":8},"end":{"line":15,"column":55}},{"start":{"line":16,"column":8},"end":{"line":16,"column":48}}],"line":14},"1":{"loc":{"start":{"line":30,"column":19},"end":{"line":32,"column":48}},"type":"cond-expr","locations":[{"start":{"line":31,"column":8},"end":{"line":31,"column":55}},{"start":{"line":32,"column":8},"end":{"line":32,"column":48}}],"line":30}},"s":{"0":4,"1":8},"f":{"0":8},"b":{"0":[2,6],"1":[5,3]},"_coverageSchema":"332fd63041d2c1bcb487cc26dd0d5f7d97098a6c","hash":"3994a876357fef268d276d7b09c307de9d6a67e8"}
,"/Users/andriy_ivashchenko/domains/r-films/src/js/components/Footer/index.js": {"path":"/Users/andriy_ivashchenko/domains/r-films/src/js/components/Footer/index.js","statementMap":{"0":{"start":{"line":5,"column":15},"end":{"line":11,"column":1}},"1":{"start":{"line":6,"column":2},"end":{"line":10,"column":11}}},"fnMap":{"0":{"name":"(anonymous_0)","decl":{"start":{"line":5,"column":15},"end":{"line":5,"column":16}},"loc":{"start":{"line":6,"column":2},"end":{"line":10,"column":11}},"line":6}},"branchMap":{},"s":{"0":2,"1":1},"f":{"0":1},"b":{},"_coverageSchema":"332fd63041d2c1bcb487cc26dd0d5f7d97098a6c","hash":"9f58847f1457577430c833aff3e8c9348aa435c5"}
,"/Users/andriy_ivashchenko/domains/r-films/src/js/components/Header/index.js": {"path":"/Users/andriy_ivashchenko/domains/r-films/src/js/components/Header/index.js","statementMap":{"0":{"start":{"line":17,"column":18},"end":{"line":28,"column":1}},"1":{"start":{"line":18,"column":29},"end":{"line":18,"column":34}},"2":{"start":{"line":19,"column":2},"end":{"line":26,"column":3}},"3":{"start":{"line":20,"column":4},"end":{"line":25,"column":6}},"4":{"start":{"line":27,"column":2},"end":{"line":27,"column":55}},"5":{"start":{"line":30,"column":22},"end":{"line":35,"column":1}},"6":{"start":{"line":31,"column":41},"end":{"line":31,"column":46}},"7":{"start":{"line":32,"column":2},"end":{"line":34,"column":39}},"8":{"start":{"line":37,"column":15},"end":{"line":44,"column":1}},"9":{"start":{"line":38,"column":2},"end":{"line":43,"column":8}}},"fnMap":{"0":{"name":"(anonymous_0)","decl":{"start":{"line":17,"column":18},"end":{"line":17,"column":19}},"loc":{"start":{"line":17,"column":36},"end":{"line":28,"column":1}},"line":17},"1":{"name":"(anonymous_1)","decl":{"start":{"line":30,"column":22},"end":{"line":30,"column":23}},"loc":{"start":{"line":30,"column":42},"end":{"line":35,"column":1}},"line":30},"2":{"name":"(anonymous_2)","decl":{"start":{"line":37,"column":15},"end":{"line":37,"column":16}},"loc":{"start":{"line":38,"column":2},"end":{"line":43,"column":8}},"line":38}},"branchMap":{"0":{"loc":{"start":{"line":19,"column":2},"end":{"line":26,"column":3}},"type":"if","locations":[{"start":{"line":19,"column":2},"end":{"line":26,"column":3}},{"start":{"line":19,"column":2},"end":{"line":26,"column":3}}],"line":19},"1":{"loc":{"start":{"line":32,"column":9},"end":{"line":34,"column":38}},"type":"cond-expr","locations":[{"start":{"line":33,"column":4},"end":{"line":33,"column":32}},{"start":{"line":34,"column":4},"end":{"line":34,"column":38}}],"line":32}},"s":{"0":2,"1":3,"2":3,"3":1,"4":2,"5":2,"6":3,"7":3,"8":2,"9":3},"f":{"0":3,"1":3,"2":3},"b":{"0":[1,2],"1":[1,2]},"_coverageSchema":"332fd63041d2c1bcb487cc26dd0d5f7d97098a6c","hash":"d56fc9108959eb93bb7716503c638b6632e2ea68"}
,"/Users/andriy_ivashchenko/domains/r-films/src/js/components/Logo/index.js": {"path":"/Users/andriy_ivashchenko/domains/r-films/src/js/components/Logo/index.js","statementMap":{"0":{"start":{"line":4,"column":13},"end":{"line":8,"column":1}},"1":{"start":{"line":5,"column":2},"end":{"line":7,"column":8}}},"fnMap":{"0":{"name":"(anonymous_0)","decl":{"start":{"line":4,"column":13},"end":{"line":4,"column":14}},"loc":{"start":{"line":5,"column":2},"end":{"line":7,"column":8}},"line":5}},"branchMap":{},"s":{"0":4,"1":2},"f":{"0":2},"b":{},"_coverageSchema":"332fd63041d2c1bcb487cc26dd0d5f7d97098a6c","hash":"3ce816d1754a4c1a4185ca45af43d102f6a26cdc"}
,"/Users/andriy_ivashchenko/domains/r-films/src/js/components/Main/index.js": {"path":"/Users/andriy_ivashchenko/domains/r-films/src/js/components/Main/index.js","statementMap":{"0":{"start":{"line":28,"column":23},"end":{"line":28,"column":28}},"1":{"start":{"line":29,"column":4},"end":{"line":29,"column":34}},"2":{"start":{"line":30,"column":4},"end":{"line":32,"column":7}},"3":{"start":{"line":36,"column":25},"end":{"line":39,"column":67}},"4":{"start":{"line":37,"column":6},"end":{"line":39,"column":65}},"5":{"start":{"line":40,"column":4},"end":{"line":40,"column":36}},"6":{"start":{"line":44,"column":21},"end":{"line":44,"column":31}},"7":{"start":{"line":45,"column":25},"end":{"line":45,"column":35}},"8":{"start":{"line":47,"column":4},"end":{"line":52,"column":9}},"9":{"start":{"line":56,"column":35},"end":{"line":56,"column":45}},"10":{"start":{"line":58,"column":4},"end":{"line":70,"column":5}},"11":{"start":{"line":59,"column":6},"end":{"line":69,"column":8}},"12":{"start":{"line":71,"column":4},"end":{"line":71,"column":16}},"13":{"start":{"line":75,"column":36},"end":{"line":75,"column":46}},"14":{"start":{"line":76,"column":29},"end":{"line":76,"column":39}},"15":{"start":{"line":78,"column":4},"end":{"line":92,"column":6}}},"fnMap":{"0":{"name":"(anonymous_0)","decl":{"start":{"line":27,"column":19},"end":{"line":27,"column":20}},"loc":{"start":{"line":27,"column":75},"end":{"line":33,"column":3}},"line":27},"1":{"name":"(anonymous_1)","decl":{"start":{"line":35,"column":15},"end":{"line":35,"column":16}},"loc":{"start":{"line":35,"column":42},"end":{"line":41,"column":3}},"line":35},"2":{"name":"(anonymous_2)","decl":{"start":{"line":36,"column":47},"end":{"line":36,"column":48}},"loc":{"start":{"line":37,"column":6},"end":{"line":39,"column":65}},"line":37},"3":{"name":"(anonymous_3)","decl":{"start":{"line":43,"column":15},"end":{"line":43,"column":16}},"loc":{"start":{"line":43,"column":21},"end":{"line":53,"column":3}},"line":43},"4":{"name":"(anonymous_4)","decl":{"start":{"line":55,"column":20},"end":{"line":55,"column":21}},"loc":{"start":{"line":55,"column":26},"end":{"line":72,"column":3}},"line":55},"5":{"name":"(anonymous_5)","decl":{"start":{"line":74,"column":2},"end":{"line":74,"column":3}},"loc":{"start":{"line":74,"column":11},"end":{"line":93,"column":3}},"line":74}},"branchMap":{"0":{"loc":{"start":{"line":37,"column":6},"end":{"line":39,"column":65}},"type":"cond-expr","locations":[{"start":{"line":38,"column":8},"end":{"line":38,"column":39}},{"start":{"line":39,"column":8},"end":{"line":39,"column":65}}],"line":37},"1":{"loc":{"start":{"line":47,"column":11},"end":{"line":52,"column":8}},"type":"cond-expr","locations":[{"start":{"line":48,"column":6},"end":{"line":48,"column":10}},{"start":{"line":49,"column":6},"end":{"line":52,"column":8}}],"line":47},"2":{"loc":{"start":{"line":58,"column":4},"end":{"line":70,"column":5}},"type":"if","locations":[{"start":{"line":58,"column":4},"end":{"line":70,"column":5}},{"start":{"line":58,"column":4},"end":{"line":70,"column":5}}],"line":58},"3":{"loc":{"start":{"line":58,"column":8},"end":{"line":58,"column":29}},"type":"binary-expr","locations":[{"start":{"line":58,"column":8},"end":{"line":58,"column":13}},{"start":{"line":58,"column":17},"end":{"line":58,"column":29}}],"line":58},"4":{"loc":{"start":{"line":62,"column":18},"end":{"line":64,"column":37}},"type":"cond-expr","locations":[{"start":{"line":63,"column":14},"end":{"line":63,"column":19}},{"start":{"line":64,"column":14},"end":{"line":64,"column":37}}],"line":62},"5":{"loc":{"start":{"line":87,"column":19},"end":{"line":87,"column":77}},"type":"cond-expr","locations":[{"start":{"line":87,"column":57},"end":{"line":87,"column":69}},{"start":{"line":87,"column":72},"end":{"line":87,"column":77}}],"line":87},"6":{"loc":{"start":{"line":87,"column":19},"end":{"line":87,"column":54}},"type":"binary-expr","locations":[{"start":{"line":87,"column":19},"end":{"line":87,"column":31}},{"start":{"line":87,"column":35},"end":{"line":87,"column":54}}],"line":87}},"s":{"0":1,"1":1,"2":1,"3":2,"4":2,"5":2,"6":6,"7":6,"8":6,"9":7,"10":7,"11":6,"12":1,"13":7,"14":7,"15":7},"f":{"0":1,"1":2,"2":2,"3":6,"4":7,"5":7},"b":{"0":[0,2],"1":[0,6],"2":[6,1],"3":[7,7],"4":[0,6],"5":[2,5],"6":[7,7]},"_coverageSchema":"332fd63041d2c1bcb487cc26dd0d5f7d97098a6c","hash":"18590b9ca2ea91b35db24d3b8c4bc8232dada65a"}
,"/Users/andriy_ivashchenko/domains/r-films/src/js/components/Poster/index.js": {"path":"/Users/andriy_ivashchenko/domains/r-films/src/js/components/Poster/index.js","statementMap":{"0":{"start":{"line":9,"column":15},"end":{"line":28,"column":1}},"1":{"start":{"line":10,"column":2},"end":{"line":27,"column":8}}},"fnMap":{"0":{"name":"(anonymous_0)","decl":{"start":{"line":9,"column":15},"end":{"line":9,"column":16}},"loc":{"start":{"line":10,"column":2},"end":{"line":27,"column":8}},"line":10}},"branchMap":{"0":{"loc":{"start":{"line":22,"column":40},"end":{"line":22,"column":93}},"type":"cond-expr","locations":[{"start":{"line":22,"column":61},"end":{"line":22,"column":88}},{"start":{"line":22,"column":91},"end":{"line":22,"column":93}}],"line":22}},"s":{"0":3,"1":3},"f":{"0":3},"b":{"0":[2,1]},"_coverageSchema":"332fd63041d2c1bcb487cc26dd0d5f7d97098a6c","hash":"4f936d668339351de2bc8c384c7d0ae5aff8ac20"}
,"/Users/andriy_ivashchenko/domains/r-films/src/js/components/Search/index.js": {"path":"/Users/andriy_ivashchenko/domains/r-films/src/js/components/Search/index.js","statementMap":{"0":{"start":{"line":24,"column":22},"end":{"line":24,"column":34}},"1":{"start":{"line":25,"column":4},"end":{"line":27,"column":7}},"2":{"start":{"line":31,"column":4},"end":{"line":33,"column":5}},"3":{"start":{"line":32,"column":6},"end":{"line":32,"column":26}},"4":{"start":{"line":37,"column":17},"end":{"line":37,"column":38}},"5":{"start":{"line":38,"column":4},"end":{"line":43,"column":5}},"6":{"start":{"line":39,"column":6},"end":{"line":39,"column":61}},"7":{"start":{"line":40,"column":6},"end":{"line":42,"column":9}},"8":{"start":{"line":47,"column":23},"end":{"line":47,"column":28}},"9":{"start":{"line":48,"column":4},"end":{"line":50,"column":7}},"10":{"start":{"line":54,"column":41},"end":{"line":54,"column":51}},"11":{"start":{"line":55,"column":4},"end":{"line":79,"column":6}}},"fnMap":{"0":{"name":"(anonymous_0)","decl":{"start":{"line":23,"column":17},"end":{"line":23,"column":18}},"loc":{"start":{"line":23,"column":73},"end":{"line":28,"column":3}},"line":23},"1":{"name":"(anonymous_1)","decl":{"start":{"line":30,"column":19},"end":{"line":30,"column":20}},"loc":{"start":{"line":30,"column":56},"end":{"line":34,"column":3}},"line":30},"2":{"name":"(anonymous_2)","decl":{"start":{"line":36,"column":17},"end":{"line":36,"column":18}},"loc":{"start":{"line":36,"column":23},"end":{"line":44,"column":3}},"line":36},"3":{"name":"(anonymous_3)","decl":{"start":{"line":46,"column":17},"end":{"line":46,"column":18}},"loc":{"start":{"line":46,"column":73},"end":{"line":51,"column":3}},"line":46},"4":{"name":"(anonymous_4)","decl":{"start":{"line":53,"column":2},"end":{"line":53,"column":3}},"loc":{"start":{"line":53,"column":11},"end":{"line":80,"column":3}},"line":53}},"branchMap":{"0":{"loc":{"start":{"line":31,"column":4},"end":{"line":33,"column":5}},"type":"if","locations":[{"start":{"line":31,"column":4},"end":{"line":33,"column":5}},{"start":{"line":31,"column":4},"end":{"line":33,"column":5}}],"line":31},"1":{"loc":{"start":{"line":38,"column":4},"end":{"line":43,"column":5}},"type":"if","locations":[{"start":{"line":38,"column":4},"end":{"line":43,"column":5}},{"start":{"line":38,"column":4},"end":{"line":43,"column":5}}],"line":38}},"s":{"0":1,"1":1,"2":2,"3":1,"4":2,"5":2,"6":2,"7":2,"8":1,"9":1,"10":13,"11":13},"f":{"0":1,"1":2,"2":2,"3":1,"4":13},"b":{"0":[1,1],"1":[2,0]},"_coverageSchema":"332fd63041d2c1bcb487cc26dd0d5f7d97098a6c","hash":"559bdf153d430bbed9f3f933a77ab99faa2b89c0"}
,"/Users/andriy_ivashchenko/domains/r-films/src/js/components/SearchButton/index.js": {"path":"/Users/andriy_ivashchenko/domains/r-films/src/js/components/SearchButton/index.js","statementMap":{"0":{"start":{"line":8,"column":21},"end":{"line":15,"column":1}},"1":{"start":{"line":9,"column":2},"end":{"line":14,"column":11}}},"fnMap":{"0":{"name":"(anonymous_0)","decl":{"start":{"line":8,"column":21},"end":{"line":8,"column":22}},"loc":{"start":{"line":9,"column":2},"end":{"line":14,"column":11}},"line":9}},"branchMap":{},"s":{"0":4,"1":7},"f":{"0":7},"b":{},"_coverageSchema":"332fd63041d2c1bcb487cc26dd0d5f7d97098a6c","hash":"b259ed9ca8151e58a884a9b6345458e183dddb48"}
,"/Users/andriy_ivashchenko/domains/r-films/src/js/helpers/index.js": {"path":"/Users/andriy_ivashchenko/domains/r-films/src/js/helpers/index.js","statementMap":{"0":{"start":{"line":1,"column":26},"end":{"line":5,"column":1}},"1":{"start":{"line":2,"column":2},"end":{"line":4,"column":16}},"2":{"start":{"line":3,"column":4},"end":{"line":3,"column":47}},"3":{"start":{"line":18,"column":4},"end":{"line":37,"column":6}},"4":{"start":{"line":19,"column":18},"end":{"line":19,"column":38}},"5":{"start":{"line":20,"column":24},"end":{"line":20,"column":27}},"6":{"start":{"line":21,"column":6},"end":{"line":24,"column":7}},"7":{"start":{"line":22,"column":8},"end":{"line":22,"column":58}},"8":{"start":{"line":23,"column":8},"end":{"line":23,"column":33}},"9":{"start":{"line":25,"column":6},"end":{"line":25,"column":35}},"10":{"start":{"line":26,"column":6},"end":{"line":32,"column":8}},"11":{"start":{"line":27,"column":8},"end":{"line":31,"column":9}},"12":{"start":{"line":28,"column":10},"end":{"line":28,"column":44}},"13":{"start":{"line":30,"column":10},"end":{"line":30,"column":40}},"14":{"start":{"line":33,"column":6},"end":{"line":35,"column":8}},"15":{"start":{"line":34,"column":8},"end":{"line":34,"column":39}},"16":{"start":{"line":36,"column":6},"end":{"line":36,"column":17}}},"fnMap":{"0":{"name":"(anonymous_0)","decl":{"start":{"line":1,"column":26},"end":{"line":1,"column":27}},"loc":{"start":{"line":2,"column":2},"end":{"line":4,"column":16}},"line":2},"1":{"name":"(anonymous_1)","decl":{"start":{"line":2,"column":30},"end":{"line":2,"column":31}},"loc":{"start":{"line":3,"column":4},"end":{"line":3,"column":47}},"line":3},"2":{"name":"(anonymous_2)","decl":{"start":{"line":17,"column":11},"end":{"line":17,"column":12}},"loc":{"start":{"line":18,"column":4},"end":{"line":37,"column":6}},"line":18},"3":{"name":"(anonymous_3)","decl":{"start":{"line":18,"column":17},"end":{"line":18,"column":18}},"loc":{"start":{"line":18,"column":38},"end":{"line":37,"column":5}},"line":18},"4":{"name":"(anonymous_4)","decl":{"start":{"line":26,"column":19},"end":{"line":26,"column":20}},"loc":{"start":{"line":26,"column":25},"end":{"line":32,"column":7}},"line":26},"5":{"name":"(anonymous_5)","decl":{"start":{"line":33,"column":20},"end":{"line":33,"column":21}},"loc":{"start":{"line":33,"column":26},"end":{"line":35,"column":7}},"line":33}},"branchMap":{"0":{"loc":{"start":{"line":21,"column":6},"end":{"line":24,"column":7}},"type":"if","locations":[{"start":{"line":21,"column":6},"end":{"line":24,"column":7}},{"start":{"line":21,"column":6},"end":{"line":24,"column":7}}],"line":21},"1":{"loc":{"start":{"line":27,"column":8},"end":{"line":31,"column":9}},"type":"if","locations":[{"start":{"line":27,"column":8},"end":{"line":31,"column":9}},{"start":{"line":27,"column":8},"end":{"line":31,"column":9}}],"line":27}},"s":{"0":4,"1":0,"2":0,"3":5,"4":5,"5":5,"6":5,"7":0,"8":0,"9":5,"10":5,"11":0,"12":0,"13":0,"14":5,"15":0,"16":5},"f":{"0":0,"1":0,"2":5,"3":5,"4":0,"5":0},"b":{"0":[0,5],"1":[0,0]},"_coverageSchema":"332fd63041d2c1bcb487cc26dd0d5f7d97098a6c","hash":"1d98cd2b1fdf2162b92ace095aafaaea09d80fd4"}
}
