TN:
SF:/Users/andriy_ivashchenko/domains/r-films/empty-module.js
FNF:0
FNH:0
DA:1,3
LF:1
LH:1
BRF:0
BRH:0
end_of_record
TN:
SF:/Users/andriy_ivashchenko/domains/r-films/jestsetup.js
FN:10,(anonymous_0)
FNF:1
FNH:0
FNDA:0,(anonymous_0)
DA:4,15
DA:6,15
DA:7,15
DA:8,15
DA:10,15
LF:5
LH:5
BRF:0
BRH:0
end_of_record
TN:
SF:/Users/andriy_ivashchenko/domains/r-films/src/js/components/App.js
FN:33,(anonymous_0)
FN:37,(anonymous_1)
FN:38,(anonymous_2)
FN:52,(anonymous_3)
FN:53,(anonymous_4)
FN:55,(anonymous_5)
FN:60,(anonymous_6)
FN:68,(anonymous_7)
FN:74,(anonymous_8)
FNF:9
FNH:8
FNDA:5,(anonymous_0)
FNDA:1,(anonymous_1)
FNDA:1,(anonymous_2)
FNDA:6,(anonymous_3)
FNDA:1,(anonymous_4)
FNDA:0,(anonymous_5)
FNDA:1,(anonymous_6)
FNDA:1,(anonymous_7)
FNDA:10,(anonymous_8)
DA:34,5
DA:38,1
DA:39,1
DA:41,1
DA:46,1
DA:53,6
DA:54,1
DA:56,0
DA:61,1
DA:62,1
DA:69,1
DA:80,10
DA:82,10
LF:13
LH:12
BRDA:39,0,0,1
BRDA:39,0,1,0
BRF:2
BRH:1
end_of_record
TN:
SF:/Users/andriy_ivashchenko/domains/r-films/src/js/components/ContentInfo/index.js
FN:11,(anonymous_0)
FN:15,(anonymous_1)
FNF:2
FNH:2
FNDA:5,(anonymous_0)
FNDA:7,(anonymous_1)
DA:11,3
DA:12,5
DA:16,7
LF:3
LH:3
BRDA:14,0,0,3
BRDA:14,0,1,2
BRDA:14,1,0,5
BRDA:14,1,1,3
BRF:4
BRH:4
end_of_record
TN:
SF:/Users/andriy_ivashchenko/domains/r-films/src/js/components/ErrorBoundary/index.js
FN:13,(anonymous_0)
FN:18,(anonymous_1)
FN:22,(anonymous_2)
FNF:3
FNH:2
FNDA:1,(anonymous_0)
FNDA:0,(anonymous_1)
FNDA:1,(anonymous_2)
DA:14,1
DA:15,1
DA:19,0
DA:23,1
DA:24,0
DA:26,1
LF:6
LH:4
BRDA:23,0,0,0
BRDA:23,0,1,1
BRF:2
BRH:1
end_of_record
TN:
SF:/Users/andriy_ivashchenko/domains/r-films/src/js/components/ExtraInfo/index.js
FN:11,showInfo
FN:18,(anonymous_1)
FNF:2
FNH:2
FNDA:5,showInfo
FNDA:5,(anonymous_1)
DA:12,5
DA:13,5
DA:18,3
DA:19,5
LF:4
LH:4
BRDA:13,0,0,1
BRDA:13,0,1,4
BRF:2
BRH:2
end_of_record
TN:
SF:/Users/andriy_ivashchenko/domains/r-films/src/js/components/FilmItem/index.js
FN:11,(anonymous_0)
FN:15,(anonymous_1)
FNF:2
FNH:2
FNDA:7,(anonymous_0)
FNDA:1,(anonymous_1)
DA:11,4
DA:12,7
DA:14,7
DA:15,1
LF:4
LH:4
BRF:0
BRH:0
end_of_record
TN:
SF:/Users/andriy_ivashchenko/domains/r-films/src/js/components/FilterContent/index.js
FN:9,(anonymous_0)
FNF:1
FNH:1
FNDA:5,(anonymous_0)
DA:9,3
DA:10,5
LF:2
LH:2
BRDA:14,0,0,2
BRDA:14,0,1,3
BRDA:30,1,0,2
BRDA:30,1,1,3
BRF:4
BRH:4
end_of_record
TN:
SF:/Users/andriy_ivashchenko/domains/r-films/src/js/components/FilterSearch/index.js
FN:9,(anonymous_0)
FNF:1
FNH:1
FNDA:8,(anonymous_0)
DA:9,4
DA:10,8
LF:2
LH:2
BRDA:14,0,0,2
BRDA:14,0,1,6
BRDA:30,1,0,5
BRDA:30,1,1,3
BRF:4
BRH:4
end_of_record
TN:
SF:/Users/andriy_ivashchenko/domains/r-films/src/js/components/Footer/index.js
FN:5,(anonymous_0)
FNF:1
FNH:1
FNDA:1,(anonymous_0)
DA:5,2
DA:6,1
LF:2
LH:2
BRF:0
BRH:0
end_of_record
TN:
SF:/Users/andriy_ivashchenko/domains/r-films/src/js/components/Header/index.js
FN:17,(anonymous_0)
FN:30,(anonymous_1)
FN:37,(anonymous_2)
FNF:3
FNH:3
FNDA:3,(anonymous_0)
FNDA:3,(anonymous_1)
FNDA:3,(anonymous_2)
DA:17,2
DA:18,3
DA:19,3
DA:20,1
DA:27,2
DA:30,2
DA:31,3
DA:32,3
DA:37,2
DA:38,3
LF:10
LH:10
BRDA:19,0,0,1
BRDA:19,0,1,2
BRDA:32,1,0,1
BRDA:32,1,1,2
BRF:4
BRH:4
end_of_record
TN:
SF:/Users/andriy_ivashchenko/domains/r-films/src/js/components/Logo/index.js
FN:4,(anonymous_0)
FNF:1
FNH:1
FNDA:2,(anonymous_0)
DA:4,4
DA:5,2
LF:2
LH:2
BRF:0
BRH:0
end_of_record
TN:
SF:/Users/andriy_ivashchenko/domains/r-films/src/js/components/Main/index.js
FN:27,(anonymous_0)
FN:35,(anonymous_1)
FN:36,(anonymous_2)
FN:43,(anonymous_3)
FN:55,(anonymous_4)
FN:74,(anonymous_5)
FNF:6
FNH:6
FNDA:1,(anonymous_0)
FNDA:2,(anonymous_1)
FNDA:2,(anonymous_2)
FNDA:6,(anonymous_3)
FNDA:7,(anonymous_4)
FNDA:7,(anonymous_5)
DA:28,1
DA:29,1
DA:30,1
DA:36,2
DA:37,2
DA:40,2
DA:44,6
DA:45,6
DA:47,6
DA:56,7
DA:58,7
DA:59,6
DA:71,1
DA:75,7
DA:76,7
DA:78,7
LF:16
LH:16
BRDA:37,0,0,0
BRDA:37,0,1,2
BRDA:47,1,0,0
BRDA:47,1,1,6
BRDA:58,2,0,6
BRDA:58,2,1,1
BRDA:58,3,0,7
BRDA:58,3,1,7
BRDA:62,4,0,0
BRDA:62,4,1,6
BRDA:87,5,0,2
BRDA:87,5,1,5
BRDA:87,6,0,7
BRDA:87,6,1,7
BRF:14
BRH:11
end_of_record
TN:
SF:/Users/andriy_ivashchenko/domains/r-films/src/js/components/Poster/index.js
FN:9,(anonymous_0)
FNF:1
FNH:1
FNDA:3,(anonymous_0)
DA:9,3
DA:10,3
LF:2
LH:2
BRDA:22,0,0,2
BRDA:22,0,1,1
BRF:2
BRH:2
end_of_record
TN:
SF:/Users/andriy_ivashchenko/domains/r-films/src/js/components/Search/index.js
FN:23,(anonymous_0)
FN:30,(anonymous_1)
FN:36,(anonymous_2)
FN:46,(anonymous_3)
FN:53,(anonymous_4)
FNF:5
FNH:5
FNDA:1,(anonymous_0)
FNDA:2,(anonymous_1)
FNDA:2,(anonymous_2)
FNDA:1,(anonymous_3)
FNDA:13,(anonymous_4)
DA:24,1
DA:25,1
DA:31,2
DA:32,1
DA:37,2
DA:38,2
DA:39,2
DA:40,2
DA:47,1
DA:48,1
DA:54,13
DA:55,13
LF:12
LH:12
BRDA:31,0,0,1
BRDA:31,0,1,1
BRDA:38,1,0,2
BRDA:38,1,1,0
BRF:4
BRH:3
end_of_record
TN:
SF:/Users/andriy_ivashchenko/domains/r-films/src/js/components/SearchButton/index.js
FN:8,(anonymous_0)
FNF:1
FNH:1
FNDA:7,(anonymous_0)
DA:8,4
DA:9,7
LF:2
LH:2
BRF:0
BRH:0
end_of_record
TN:
SF:/Users/andriy_ivashchenko/domains/r-films/src/js/helpers/index.js
FN:1,(anonymous_0)
FN:2,(anonymous_1)
FN:17,(anonymous_2)
FN:18,(anonymous_3)
FN:26,(anonymous_4)
FN:33,(anonymous_5)
FNF:6
FNH:2
FNDA:0,(anonymous_0)
FNDA:0,(anonymous_1)
FNDA:5,(anonymous_2)
FNDA:5,(anonymous_3)
FNDA:0,(anonymous_4)
FNDA:0,(anonymous_5)
DA:1,4
DA:2,0
DA:3,0
DA:18,5
DA:19,5
DA:20,5
DA:21,5
DA:22,0
DA:23,0
DA:25,5
DA:26,5
DA:27,0
DA:28,0
DA:30,0
DA:33,5
DA:34,0
DA:36,5
LF:17
LH:9
BRDA:21,0,0,0
BRDA:21,0,1,5
BRDA:27,1,0,0
BRDA:27,1,1,0
BRF:4
BRH:1
end_of_record
