TN:
SF:/Users/andrivash/domains/r-ment/empty-module.js
FNF:0
FNH:0
DA:1,3
LF:1
LH:1
BRF:0
BRH:0
end_of_record
TN:
SF:/Users/andrivash/domains/r-ment/jestsetup.js
FN:10,(anonymous_0)
FNF:1
FNH:0
FNDA:0,(anonymous_0)
DA:4,15
DA:6,15
DA:7,15
DA:8,15
DA:10,15
LF:5
LH:5
BRF:0
BRH:0
end_of_record
TN:
SF:/Users/andrivash/domains/r-ment/src/js/components/App.js
FN:25,(anonymous_0)
FN:29,(anonymous_1)
FN:32,(anonymous_2)
FN:33,(anonymous_3)
FN:46,(anonymous_4)
FN:47,(anonymous_5)
FN:50,(anonymous_6)
FN:55,(anonymous_7)
FN:63,(anonymous_8)
FN:70,(anonymous_9)
FNF:10
FNH:9
FNDA:5,(anonymous_0)
FNDA:1,(anonymous_1)
FNDA:1,(anonymous_2)
FNDA:1,(anonymous_3)
FNDA:6,(anonymous_4)
FNDA:1,(anonymous_5)
FNDA:0,(anonymous_6)
FNDA:1,(anonymous_7)
FNDA:1,(anonymous_8)
FNDA:10,(anonymous_9)
DA:26,5
DA:30,1
DA:31,1
DA:32,1
DA:33,1
DA:35,1
DA:40,1
DA:47,6
DA:48,1
DA:49,1
DA:51,0
DA:56,1
DA:57,1
DA:64,1
DA:65,1
DA:76,10
DA:78,10
LF:17
LH:16
BRF:0
BRH:0
end_of_record
TN:
SF:/Users/andrivash/domains/r-ment/src/js/components/ContentInfo/index.js
FN:10,filmItems
FN:12,(anonymous_1)
FN:28,(anonymous_2)
FNF:3
FNH:3
FNDA:5,filmItems
FNDA:7,(anonymous_1)
FNDA:5,(anonymous_2)
DA:11,5
DA:12,3
DA:13,7
DA:25,2
DA:28,3
DA:29,5
LF:6
LH:6
BRDA:11,0,0,3
BRDA:11,0,1,2
BRDA:11,1,0,5
BRDA:11,1,1,5
BRF:4
BRH:4
end_of_record
TN:
SF:/Users/andrivash/domains/r-ment/src/js/components/ErrorBoundary/index.js
FN:13,(anonymous_0)
FN:18,(anonymous_1)
FN:22,(anonymous_2)
FNF:3
FNH:2
FNDA:1,(anonymous_0)
FNDA:0,(anonymous_1)
FNDA:1,(anonymous_2)
DA:14,1
DA:15,1
DA:19,0
DA:23,1
DA:24,0
DA:26,1
LF:6
LH:4
BRDA:23,0,0,0
BRDA:23,0,1,1
BRF:2
BRH:1
end_of_record
TN:
SF:/Users/andrivash/domains/r-ment/src/js/components/ExtraInfo/index.js
FN:10,showInfo
FN:17,(anonymous_1)
FNF:2
FNH:2
FNDA:5,showInfo
FNDA:5,(anonymous_1)
DA:11,5
DA:12,5
DA:17,3
DA:18,5
LF:4
LH:4
BRDA:12,0,0,1
BRDA:12,0,1,4
BRF:2
BRH:2
end_of_record
TN:
SF:/Users/andrivash/domains/r-ment/src/js/components/FilmItem/index.js
FN:23,(anonymous_0)
FN:27,(anonymous_1)
FNF:2
FNH:2
FNDA:7,(anonymous_0)
FNDA:1,(anonymous_1)
DA:23,4
DA:24,7
DA:26,7
DA:27,1
LF:4
LH:4
BRF:0
BRH:0
end_of_record
TN:
SF:/Users/andrivash/domains/r-ment/src/js/components/FilterContent/index.js
FN:8,(anonymous_0)
FNF:1
FNH:1
FNDA:5,(anonymous_0)
DA:8,3
DA:9,5
LF:2
LH:2
BRDA:13,0,0,2
BRDA:13,0,1,3
BRDA:29,1,0,2
BRDA:29,1,1,3
BRF:4
BRH:4
end_of_record
TN:
SF:/Users/andrivash/domains/r-ment/src/js/components/FilterSearch/index.js
FN:9,(anonymous_0)
FNF:1
FNH:1
FNDA:8,(anonymous_0)
DA:9,4
DA:10,8
LF:2
LH:2
BRDA:14,0,0,2
BRDA:14,0,1,6
BRDA:30,1,0,5
BRDA:30,1,1,3
BRF:4
BRH:4
end_of_record
TN:
SF:/Users/andrivash/domains/r-ment/src/js/components/Footer/index.js
FN:5,(anonymous_0)
FNF:1
FNH:1
FNDA:1,(anonymous_0)
DA:5,2
DA:6,1
LF:2
LH:2
BRF:0
BRH:0
end_of_record
TN:
SF:/Users/andrivash/domains/r-ment/src/js/components/Header/index.js
FN:18,(anonymous_0)
FN:31,(anonymous_1)
FN:38,(anonymous_2)
FNF:3
FNH:3
FNDA:3,(anonymous_0)
FNDA:3,(anonymous_1)
FNDA:3,(anonymous_2)
DA:18,2
DA:19,3
DA:20,3
DA:21,1
DA:28,2
DA:31,2
DA:32,3
DA:33,3
DA:38,2
DA:39,3
LF:10
LH:10
BRDA:20,0,0,1
BRDA:20,0,1,2
BRDA:33,1,0,1
BRDA:33,1,1,2
BRF:4
BRH:4
end_of_record
TN:
SF:/Users/andrivash/domains/r-ment/src/js/components/Logo/index.js
FN:4,(anonymous_0)
FNF:1
FNH:1
FNDA:2,(anonymous_0)
DA:4,4
DA:5,2
LF:2
LH:2
BRF:0
BRH:0
end_of_record
TN:
SF:/Users/andrivash/domains/r-ment/src/js/components/Main/index.js
FN:25,(anonymous_0)
FN:33,(anonymous_1)
FN:34,(anonymous_2)
FN:41,(anonymous_3)
FN:53,(anonymous_4)
FN:70,(anonymous_5)
FNF:6
FNH:6
FNDA:1,(anonymous_0)
FNDA:6,(anonymous_1)
FNDA:5,(anonymous_2)
FNDA:5,(anonymous_3)
FNDA:6,(anonymous_4)
FNDA:6,(anonymous_5)
DA:26,1
DA:27,1
DA:28,1
DA:34,6
DA:35,5
DA:42,5
DA:43,5
DA:45,5
DA:54,6
DA:56,6
DA:57,5
DA:67,1
DA:71,6
DA:73,6
LF:14
LH:14
BRDA:35,0,0,4
BRDA:35,0,1,1
BRDA:45,1,0,0
BRDA:45,1,1,5
BRDA:56,2,0,5
BRDA:56,2,1,1
BRDA:56,3,0,6
BRDA:56,3,1,6
BRDA:60,4,0,0
BRDA:60,4,1,5
BRF:10
BRH:8
end_of_record
TN:
SF:/Users/andrivash/domains/r-ment/src/js/components/Poster/index.js
FN:10,(anonymous_0)
FNF:1
FNH:1
FNDA:3,(anonymous_0)
DA:10,3
DA:11,3
LF:2
LH:2
BRDA:23,0,0,2
BRDA:23,0,1,1
BRF:2
BRH:2
end_of_record
TN:
SF:/Users/andrivash/domains/r-ment/src/js/components/Search/index.js
FN:23,(anonymous_0)
FN:30,(anonymous_1)
FN:36,(anonymous_2)
FN:46,(anonymous_3)
FN:54,(anonymous_4)
FNF:5
FNH:5
FNDA:1,(anonymous_0)
FNDA:2,(anonymous_1)
FNDA:2,(anonymous_2)
FNDA:1,(anonymous_3)
FNDA:13,(anonymous_4)
DA:24,1
DA:25,1
DA:31,2
DA:32,1
DA:37,2
DA:38,2
DA:39,2
DA:40,2
DA:47,1
DA:48,1
DA:49,1
DA:55,13
DA:56,13
LF:13
LH:13
BRDA:31,0,0,1
BRDA:31,0,1,1
BRDA:38,1,0,2
BRDA:38,1,1,0
BRF:4
BRH:3
end_of_record
TN:
SF:/Users/andrivash/domains/r-ment/src/js/components/SearchButton/index.js
FN:8,(anonymous_0)
FNF:1
FNH:1
FNDA:7,(anonymous_0)
DA:8,4
DA:9,7
LF:2
LH:2
BRF:0
BRH:0
end_of_record
TN:
SF:/Users/andrivash/domains/r-ment/src/js/helpers/index.js
FN:2,(anonymous_0)
FN:3,(anonymous_1)
FN:17,(anonymous_2)
FN:18,(anonymous_3)
FN:26,(anonymous_4)
FN:33,(anonymous_5)
FNF:6
FNH:2
FNDA:0,(anonymous_0)
FNDA:0,(anonymous_1)
FNDA:5,(anonymous_2)
FNDA:5,(anonymous_3)
FNDA:0,(anonymous_4)
FNDA:0,(anonymous_5)
DA:3,0
DA:4,0
DA:18,5
DA:19,5
DA:20,5
DA:21,5
DA:22,0
DA:23,0
DA:25,5
DA:26,5
DA:27,0
DA:28,0
DA:30,0
DA:33,5
DA:34,0
DA:36,5
LF:16
LH:8
BRDA:21,0,0,0
BRDA:21,0,1,5
BRDA:27,1,0,0
BRDA:27,1,1,0
BRF:4
BRH:1
end_of_record
